<?xml version="1.0" encoding="UTF-8"?>
<coverage generated="1728435756336" clover="3.2.0">
  <project timestamp="1728435756336" name="All files">
    <metrics statements="170" coveredstatements="9" conditionals="16476" coveredconditionals="6" methods="3885" coveredmethods="2" elements="20531" coveredelements="17" complexity="0" loc="170" ncloc="170" packages="3" files="17" classes="17"/>
    <package name="dist">
      <metrics statements="15" coveredstatements="0" conditionals="16455" coveredconditionals="0" methods="3862" coveredmethods="0"/>
      <file name="about.bundle.js" path="C:\Users\james\Desktop\Coding\WebApp Projects\Projects\portfolio\nodejs-portfolio\client\dist\about.bundle.js">
        <metrics statements="1" coveredstatements="0" conditionals="0" coveredconditionals="0" methods="2" coveredmethods="0"/>
        <line num="1" count="0" type="stmt"/>
      </file>
      <file name="app.bundle.js" path="C:\Users\james\Desktop\Coding\WebApp Projects\Projects\portfolio\nodejs-portfolio\client\dist\app.bundle.js">
        <metrics statements="1" coveredstatements="0" conditionals="0" coveredconditionals="0" methods="2" coveredmethods="0"/>
        <line num="1" count="0" type="stmt"/>
      </file>
      <file name="contact.bundle.js" path="C:\Users\james\Desktop\Coding\WebApp Projects\Projects\portfolio\nodejs-portfolio\client\dist\contact.bundle.js">
        <metrics statements="1" coveredstatements="0" conditionals="0" coveredconditionals="0" methods="2" coveredmethods="0"/>
        <line num="1" count="0" type="stmt"/>
      </file>
      <file name="homepage.bundle.js" path="C:\Users\james\Desktop\Coding\WebApp Projects\Projects\portfolio\nodejs-portfolio\client\dist\homepage.bundle.js">
        <metrics statements="1" coveredstatements="0" conditionals="0" coveredconditionals="0" methods="2" coveredmethods="0"/>
        <line num="1" count="0" type="stmt"/>
      </file>
      <file name="p5.min.js" path="C:\Users\james\Desktop\Coding\WebApp Projects\Projects\portfolio\nodejs-portfolio\client\dist\p5.min.js">
        <metrics statements="1" coveredstatements="0" conditionals="16451" coveredconditionals="0" methods="3852" coveredmethods="0"/>
        <line num="2" count="0" type="cond" truecount="0" falsecount="16451"/>
      </file>
      <file name="projects.bundle.js" path="C:\Users\james\Desktop\Coding\WebApp Projects\Projects\portfolio\nodejs-portfolio\client\dist\projects.bundle.js">
        <metrics statements="1" coveredstatements="0" conditionals="0" coveredconditionals="0" methods="2" coveredmethods="0"/>
        <line num="1" count="0" type="stmt"/>
      </file>
      <file name="theme-control.js" path="C:\Users\james\Desktop\Coding\WebApp Projects\Projects\portfolio\nodejs-portfolio\client\dist\theme-control.js">
        <metrics statements="9" coveredstatements="0" conditionals="4" coveredconditionals="0" methods="0" coveredmethods="0"/>
        <line num="1" count="0" type="stmt"/>
        <line num="2" count="0" type="stmt"/>
        <line num="4" count="0" type="cond" truecount="0" falsecount="2"/>
        <line num="5" count="0" type="stmt"/>
        <line num="6" count="0" type="stmt"/>
        <line num="7" count="0" type="cond" truecount="0" falsecount="2"/>
        <line num="8" count="0" type="stmt"/>
        <line num="10" count="0" type="stmt"/>
        <line num="11" count="0" type="stmt"/>
      </file>
    </package>
    <package name="src">
      <metrics statements="82" coveredstatements="5" conditionals="4" coveredconditionals="4" methods="8" coveredmethods="1"/>
      <file name="about.js" path="C:\Users\james\Desktop\Coding\WebApp Projects\Projects\portfolio\nodejs-portfolio\client\src\about.js">
        <metrics statements="11" coveredstatements="0" conditionals="0" coveredconditionals="0" methods="1" coveredmethods="0"/>
        <line num="2" count="0" type="stmt"/>
        <line num="3" count="0" type="stmt"/>
        <line num="5" count="0" type="stmt"/>
        <line num="6" count="0" type="stmt"/>
        <line num="7" count="0" type="stmt"/>
        <line num="8" count="0" type="stmt"/>
        <line num="9" count="0" type="stmt"/>
        <line num="14" count="0" type="stmt"/>
        <line num="15" count="0" type="stmt"/>
        <line num="16" count="0" type="stmt"/>
        <line num="17" count="0" type="stmt"/>
      </file>
      <file name="app.js" path="C:\Users\james\Desktop\Coding\WebApp Projects\Projects\portfolio\nodejs-portfolio\client\src\app.js">
        <metrics statements="10" coveredstatements="0" conditionals="0" coveredconditionals="0" methods="2" coveredmethods="0"/>
        <line num="6" count="0" type="stmt"/>
        <line num="7" count="0" type="stmt"/>
        <line num="10" count="0" type="stmt"/>
        <line num="12" count="0" type="stmt"/>
        <line num="13" count="0" type="stmt"/>
        <line num="14" count="0" type="stmt"/>
        <line num="17" count="0" type="stmt"/>
        <line num="18" count="0" type="stmt"/>
        <line num="19" count="0" type="stmt"/>
        <line num="20" count="0" type="stmt"/>
      </file>
      <file name="contact.js" path="C:\Users\james\Desktop\Coding\WebApp Projects\Projects\portfolio\nodejs-portfolio\client\src\contact.js">
        <metrics statements="13" coveredstatements="0" conditionals="0" coveredconditionals="0" methods="1" coveredmethods="0"/>
        <line num="3" count="0" type="stmt"/>
        <line num="4" count="0" type="stmt"/>
        <line num="6" count="0" type="stmt"/>
        <line num="7" count="0" type="stmt"/>
        <line num="8" count="0" type="stmt"/>
        <line num="9" count="0" type="stmt"/>
        <line num="10" count="0" type="stmt"/>
        <line num="11" count="0" type="stmt"/>
        <line num="16" count="0" type="stmt"/>
        <line num="21" count="0" type="stmt"/>
        <line num="26" count="0" type="stmt"/>
        <line num="31" count="0" type="stmt"/>
        <line num="36" count="0" type="stmt"/>
      </file>
      <file name="homepage.js" path="C:\Users\james\Desktop\Coding\WebApp Projects\Projects\portfolio\nodejs-portfolio\client\src\homepage.js">
        <metrics statements="2" coveredstatements="0" conditionals="0" coveredconditionals="0" methods="1" coveredmethods="0"/>
        <line num="3" count="0" type="stmt"/>
        <line num="5" count="0" type="stmt"/>
      </file>
      <file name="projects.js" path="C:\Users\james\Desktop\Coding\WebApp Projects\Projects\portfolio\nodejs-portfolio\client\src\projects.js">
        <metrics statements="39" coveredstatements="0" conditionals="0" coveredconditionals="0" methods="1" coveredmethods="0"/>
        <line num="4" count="0" type="stmt"/>
        <line num="5" count="0" type="stmt"/>
        <line num="6" count="0" type="stmt"/>
        <line num="7" count="0" type="stmt"/>
        <line num="8" count="0" type="stmt"/>
        <line num="9" count="0" type="stmt"/>
        <line num="10" count="0" type="stmt"/>
        <line num="11" count="0" type="stmt"/>
        <line num="12" count="0" type="stmt"/>
        <line num="14" count="0" type="stmt"/>
        <line num="15" count="0" type="stmt"/>
        <line num="16" count="0" type="stmt"/>
        <line num="17" count="0" type="stmt"/>
        <line num="18" count="0" type="stmt"/>
        <line num="23" count="0" type="stmt"/>
        <line num="24" count="0" type="stmt"/>
        <line num="25" count="0" type="stmt"/>
        <line num="30" count="0" type="stmt"/>
        <line num="31" count="0" type="stmt"/>
        <line num="37" count="0" type="stmt"/>
        <line num="43" count="0" type="stmt"/>
        <line num="48" count="0" type="stmt"/>
        <line num="49" count="0" type="stmt"/>
        <line num="55" count="0" type="stmt"/>
        <line num="80" count="0" type="stmt"/>
        <line num="104" count="0" type="stmt"/>
        <line num="128" count="0" type="stmt"/>
        <line num="154" count="0" type="stmt"/>
        <line num="179" count="0" type="stmt"/>
        <line num="203" count="0" type="stmt"/>
        <line num="227" count="0" type="stmt"/>
        <line num="255" count="0" type="stmt"/>
        <line num="280" count="0" type="stmt"/>
        <line num="304" count="0" type="stmt"/>
        <line num="329" count="0" type="stmt"/>
        <line num="356" count="0" type="stmt"/>
        <line num="381" count="0" type="stmt"/>
        <line num="405" count="0" type="stmt"/>
        <line num="430" count="0" type="stmt"/>
      </file>
      <file name="theme-control.js" path="C:\Users\james\Desktop\Coding\WebApp Projects\Projects\portfolio\nodejs-portfolio\client\src\theme-control.js">
        <metrics statements="7" coveredstatements="5" conditionals="4" coveredconditionals="4" methods="2" coveredmethods="1"/>
        <line num="3" count="3" type="cond" truecount="2" falsecount="0"/>
        <line num="4" count="1" type="stmt"/>
        <line num="5" count="2" type="cond" truecount="2" falsecount="0"/>
        <line num="6" count="1" type="stmt"/>
        <line num="8" count="1" type="stmt"/>
        <line num="13" count="0" type="stmt"/>
        <line num="14" count="0" type="stmt"/>
      </file>
    </package>
    <package name="src.js">
      <metrics statements="73" coveredstatements="4" conditionals="17" coveredconditionals="2" methods="15" coveredmethods="1"/>
      <file name="animations.js" path="C:\Users\james\Desktop\Coding\WebApp Projects\Projects\portfolio\nodejs-portfolio\client\src\js\animations.js">
        <metrics statements="11" coveredstatements="0" conditionals="0" coveredconditionals="0" methods="4" coveredmethods="0"/>
        <line num="4" count="0" type="stmt"/>
        <line num="5" count="0" type="stmt"/>
        <line num="6" count="0" type="stmt"/>
        <line num="7" count="0" type="stmt"/>
        <line num="9" count="0" type="stmt"/>
        <line num="10" count="0" type="stmt"/>
        <line num="11" count="0" type="stmt"/>
        <line num="12" count="0" type="stmt"/>
        <line num="16" count="0" type="stmt"/>
        <line num="17" count="0" type="stmt"/>
        <line num="18" count="0" type="stmt"/>
      </file>
      <file name="gsap.js" path="C:\Users\james\Desktop\Coding\WebApp Projects\Projects\portfolio\nodejs-portfolio\client\src\js\gsap.js">
        <metrics statements="16" coveredstatements="4" conditionals="3" coveredconditionals="2" methods="4" coveredmethods="1"/>
        <line num="4" count="1" type="stmt"/>
        <line num="5" count="0" type="stmt"/>
        <line num="6" count="0" type="stmt"/>
        <line num="7" count="0" type="stmt"/>
        <line num="8" count="0" type="stmt"/>
        <line num="9" count="0" type="stmt"/>
        <line num="10" count="0" type="stmt"/>
        <line num="11" count="0" type="stmt"/>
        <line num="12" count="0" type="stmt"/>
        <line num="16" count="2" type="stmt"/>
        <line num="18" count="2" type="cond" truecount="1" falsecount="1"/>
        <line num="19" count="2" type="stmt"/>
        <line num="22" count="0" type="stmt"/>
        <line num="23" count="0" type="stmt"/>
        <line num="31" count="0" type="stmt"/>
        <line num="32" count="0" type="stmt"/>
      </file>
      <file name="mobileNavigation.js" path="C:\Users\james\Desktop\Coding\WebApp Projects\Projects\portfolio\nodejs-portfolio\client\src\js\mobileNavigation.js">
        <metrics statements="15" coveredstatements="0" conditionals="0" coveredconditionals="0" methods="3" coveredmethods="0"/>
        <line num="1" count="0" type="stmt"/>
        <line num="2" count="0" type="stmt"/>
        <line num="3" count="0" type="stmt"/>
        <line num="4" count="0" type="stmt"/>
        <line num="6" count="0" type="stmt"/>
        <line num="7" count="0" type="stmt"/>
        <line num="8" count="0" type="stmt"/>
        <line num="9" count="0" type="stmt"/>
        <line num="10" count="0" type="stmt"/>
        <line num="11" count="0" type="stmt"/>
        <line num="14" count="0" type="stmt"/>
        <line num="15" count="0" type="stmt"/>
        <line num="16" count="0" type="stmt"/>
        <line num="17" count="0" type="stmt"/>
        <line num="18" count="0" type="stmt"/>
      </file>
      <file name="p5.js" path="C:\Users\james\Desktop\Coding\WebApp Projects\Projects\portfolio\nodejs-portfolio\client\src\js\p5.js">
        <metrics statements="31" coveredstatements="0" conditionals="14" coveredconditionals="0" methods="4" coveredmethods="0"/>
        <line num="2" count="0" type="stmt"/>
        <line num="4" count="0" type="stmt"/>
        <line num="5" count="0" type="stmt"/>
        <line num="9" count="0" type="stmt"/>
        <line num="10" count="0" type="stmt"/>
        <line num="11" count="0" type="stmt"/>
        <line num="12" count="0" type="stmt"/>
        <line num="15" count="0" type="stmt"/>
        <line num="22" count="0" type="stmt"/>
        <line num="23" count="0" type="stmt"/>
        <line num="24" count="0" type="cond" truecount="0" falsecount="2"/>
        <line num="25" count="0" type="stmt"/>
        <line num="27" count="0" type="stmt"/>
        <line num="31" count="0" type="cond" truecount="0" falsecount="2"/>
        <line num="33" count="0" type="stmt"/>
        <line num="34" count="0" type="cond" truecount="0" falsecount="2"/>
        <line num="36" count="0" type="stmt"/>
        <line num="37" count="0" type="stmt"/>
        <line num="38" count="0" type="cond" truecount="0" falsecount="2"/>
        <line num="40" count="0" type="stmt"/>
        <line num="41" count="0" type="stmt"/>
        <line num="42" count="0" type="cond" truecount="0" falsecount="2"/>
        <line num="44" count="0" type="stmt"/>
        <line num="45" count="0" type="cond" truecount="0" falsecount="2"/>
        <line num="47" count="0" type="stmt"/>
        <line num="48" count="0" type="stmt"/>
        <line num="49" count="0" type="cond" truecount="0" falsecount="2"/>
        <line num="51" count="0" type="stmt"/>
        <line num="52" count="0" type="stmt"/>
        <line num="55" count="0" type="stmt"/>
        <line num="56" count="0" type="stmt"/>
      </file>
    </package>
  </project>
</coverage>
