TN:
SF:client\dist\about.bundle.js
FN:1,(anonymous_0)
FN:1,(anonymous_1)
FNF:2
FNH:0
FNDA:0,(anonymous_0)
FNDA:0,(anonymous_1)
DA:1,0
LF:1
LH:0
BRF:0
BRH:0
end_of_record
TN:
SF:client\dist\app.bundle.js
FN:1,(anonymous_0)
FN:1,(anonymous_1)
FNF:2
FNH:0
FNDA:0,(anonymous_0)
FNDA:0,(anonymous_1)
DA:1,0
LF:1
LH:0
BRF:0
BRH:0
end_of_record
TN:
SF:client\dist\contact.bundle.js
FN:1,(anonymous_0)
FN:1,(anonymous_1)
FNF:2
FNH:0
FNDA:0,(anonymous_0)
FNDA:0,(anonymous_1)
DA:1,0
LF:1
LH:0
BRF:0
BRH:0
end_of_record
TN:
SF:client\dist\homepage.bundle.js
FN:1,(anonymous_0)
FN:1,(anonymous_1)
FNF:2
FNH:0
FNDA:0,(anonymous_0)
FNDA:0,(anonymous_1)
DA:1,0
LF:1
LH:0
BRF:0
BRH:0
end_of_record
TN:
SF:client\dist\p5.min.js
FN:2,(anonymous_0)
FN:2,(anonymous_1)
FN:2,o
FN:2,a
FN:2,(anonymous_4)
FN:2,(anonymous_5)
FN:2,(anonymous_6)
FN:2,(anonymous_7)
FN:2,(anonymous_8)
FN:2,(anonymous_9)
FN:2,(anonymous_10)
FN:2,(anonymous_11)
FN:2,c
FN:2,(anonymous_13)
FN:2,(anonymous_14)
FN:2,(anonymous_15)
FN:2,(anonymous_16)
FN:2,(anonymous_17)
FN:2,l
FN:2,d
FN:2,o
FN:2,(anonymous_21)
FN:2,n
FN:2,i
FN:2,u
FN:2,c
FN:2,h
FN:2,r
FN:2,a
FN:2,f
FN:2,p
FN:2,l
FN:2,y
FN:2,(anonymous_33)
FN:2,g
FN:2,(anonymous_35)
FN:2,T
FN:2,(anonymous_37)
FN:2,(anonymous_38)
FN:2,(anonymous_39)
FN:2,(anonymous_40)
FN:2,(anonymous_41)
FN:2,(anonymous_42)
FN:2,(anonymous_43)
FN:2,(anonymous_44)
FN:2,(anonymous_45)
FN:2,(anonymous_46)
FN:2,(anonymous_47)
FN:2,(anonymous_48)
FN:2,(anonymous_49)
FN:2,(anonymous_50)
FN:2,(anonymous_51)
FN:2,(anonymous_52)
FN:2,(anonymous_53)
FN:2,(anonymous_54)
FN:2,(anonymous_55)
FN:2,(anonymous_56)
FN:2,(anonymous_57)
FN:2,m
FN:2,b
FN:2,_
FN:2,j
FN:2,x
FN:2,(anonymous_63)
FN:2,(anonymous_64)
FN:2,(anonymous_65)
FN:2,(anonymous_66)
FN:2,(anonymous_67)
FN:2,(anonymous_68)
FN:2,(anonymous_69)
FN:2,(anonymous_70)
FN:2,(anonymous_71)
FN:2,(anonymous_72)
FN:2,(anonymous_73)
FN:2,(anonymous_74)
FN:2,(anonymous_75)
FN:2,(anonymous_76)
FN:2,(anonymous_77)
FN:2,(anonymous_78)
FN:2,(anonymous_79)
FN:2,(anonymous_80)
FN:2,(anonymous_81)
FN:2,(anonymous_82)
FN:2,(anonymous_83)
FN:2,(anonymous_84)
FN:2,(anonymous_85)
FN:2,(anonymous_86)
FN:2,(anonymous_87)
FN:2,(anonymous_88)
FN:2,(anonymous_89)
FN:2,(anonymous_90)
FN:2,(anonymous_91)
FN:2,(anonymous_92)
FN:2,(anonymous_93)
FN:2,(anonymous_94)
FN:2,(anonymous_95)
FN:2,(anonymous_96)
FN:2,(anonymous_97)
FN:2,(anonymous_98)
FN:2,(anonymous_99)
FN:2,(anonymous_100)
FN:2,(anonymous_101)
FN:2,E
FN:2,M
FN:2,(anonymous_104)
FN:2,k
FN:2,C
FN:2,O
FN:2,(anonymous_108)
FN:2,(anonymous_109)
FN:2,(anonymous_110)
FN:2,(anonymous_111)
FN:2,(anonymous_112)
FN:2,(anonymous_113)
FN:2,(anonymous_114)
FN:2,(anonymous_115)
FN:2,(anonymous_116)
FN:2,(anonymous_117)
FN:2,(anonymous_118)
FN:2,(anonymous_119)
FN:2,(anonymous_120)
FN:2,(anonymous_121)
FN:2,(anonymous_122)
FN:2,o
FN:2,(anonymous_124)
FN:2,(anonymous_125)
FN:2,(anonymous_126)
FN:2,(anonymous_127)
FN:2,(anonymous_128)
FN:2,(anonymous_129)
FN:2,(anonymous_130)
FN:2,(anonymous_131)
FN:2,r
FN:2,o
FN:2,n
FN:2,s
FN:2,i
FN:2,F
FN:2,a
FN:2,(anonymous_139)
FN:2,l
FN:2,u
FN:2,(anonymous_142)
FN:2,(anonymous_143)
FN:2,(anonymous_144)
FN:2,(anonymous_145)
FN:2,(anonymous_146)
FN:2,(anonymous_147)
FN:2,(anonymous_148)
FN:2,(anonymous_149)
FN:2,(anonymous_150)
FN:2,(anonymous_151)
FN:2,(anonymous_152)
FN:2,(anonymous_153)
FN:2,(anonymous_154)
FN:2,(anonymous_155)
FN:2,(anonymous_156)
FN:2,(anonymous_157)
FN:2,(anonymous_158)
FN:2,(anonymous_159)
FN:2,(anonymous_160)
FN:2,(anonymous_161)
FN:2,(anonymous_162)
FN:2,(anonymous_163)
FN:2,(anonymous_164)
FN:2,(anonymous_165)
FN:2,(anonymous_166)
FN:2,(anonymous_167)
FN:2,(anonymous_168)
FN:2,(anonymous_169)
FN:2,(anonymous_170)
FN:2,(anonymous_171)
FN:2,(anonymous_172)
FN:2,(anonymous_173)
FN:2,(anonymous_174)
FN:2,o
FN:2,(anonymous_176)
FN:2,(anonymous_177)
FN:2,o
FN:2,(anonymous_179)
FN:2,(anonymous_180)
FN:2,(anonymous_181)
FN:2,(anonymous_182)
FN:2,(anonymous_183)
FN:2,(anonymous_184)
FN:2,(anonymous_185)
FN:2,(anonymous_186)
FN:2,(anonymous_187)
FN:2,(anonymous_188)
FN:2,(anonymous_189)
FN:2,(anonymous_190)
FN:2,i
FN:2,(anonymous_192)
FN:2,(anonymous_193)
FN:2,(anonymous_194)
FN:2,o
FN:2,(anonymous_196)
FN:2,(anonymous_197)
FN:2,(anonymous_198)
FN:2,(anonymous_199)
FN:2,(anonymous_200)
FN:2,(anonymous_201)
FN:2,(anonymous_202)
FN:2,(anonymous_203)
FN:2,(anonymous_204)
FN:2,(anonymous_205)
FN:2,(anonymous_206)
FN:2,(anonymous_207)
FN:2,(anonymous_208)
FN:2,(anonymous_209)
FN:2,(anonymous_210)
FN:2,(anonymous_211)
FN:2,(anonymous_212)
FN:2,(anonymous_213)
FN:2,(anonymous_214)
FN:2,(anonymous_215)
FN:2,(anonymous_216)
FN:2,s
FN:2,i
FN:2,(anonymous_219)
FN:2,(anonymous_220)
FN:2,(anonymous_221)
FN:2,(anonymous_222)
FN:2,(anonymous_223)
FN:2,(anonymous_224)
FN:2,(anonymous_225)
FN:2,(anonymous_226)
FN:2,(anonymous_227)
FN:2,(anonymous_228)
FN:2,(anonymous_229)
FN:2,(anonymous_230)
FN:2,(anonymous_231)
FN:2,l
FN:2,o
FN:2,n
FN:2,(anonymous_235)
FN:2,(anonymous_236)
FN:2,(anonymous_237)
FN:2,(anonymous_238)
FN:2,(anonymous_239)
FN:2,(anonymous_240)
FN:2,(anonymous_241)
FN:2,s
FN:2,(anonymous_243)
FN:2,(anonymous_244)
FN:2,(anonymous_245)
FN:2,(anonymous_246)
FN:2,(anonymous_247)
FN:2,(anonymous_248)
FN:2,(anonymous_249)
FN:2,(anonymous_250)
FN:2,o
FN:2,(anonymous_252)
FN:2,(anonymous_253)
FN:2,(anonymous_254)
FN:2,(anonymous_255)
FN:2,(anonymous_256)
FN:2,(anonymous_257)
FN:2,(anonymous_258)
FN:2,(anonymous_259)
FN:2,(anonymous_260)
FN:2,(anonymous_261)
FN:2,(anonymous_262)
FN:2,(anonymous_263)
FN:2,(anonymous_264)
FN:2,(anonymous_265)
FN:2,(anonymous_266)
FN:2,(anonymous_267)
FN:2,e
FN:2,(anonymous_269)
FN:2,(anonymous_270)
FN:2,(anonymous_271)
FN:2,o
FN:2,(anonymous_273)
FN:2,(anonymous_274)
FN:2,(anonymous_275)
FN:2,(anonymous_276)
FN:2,(anonymous_277)
FN:2,(anonymous_278)
FN:2,(anonymous_279)
FN:2,(anonymous_280)
FN:2,(anonymous_281)
FN:2,m
FN:2,(anonymous_283)
FN:2,a
FN:2,(anonymous_285)
FN:2,(anonymous_286)
FN:2,(anonymous_287)
FN:2,(anonymous_288)
FN:2,(anonymous_289)
FN:2,(anonymous_290)
FN:2,(anonymous_291)
FN:2,(anonymous_292)
FN:2,(anonymous_293)
FN:2,(anonymous_294)
FN:2,(anonymous_295)
FN:2,(anonymous_296)
FN:2,(anonymous_297)
FN:2,(anonymous_298)
FN:2,(anonymous_299)
FN:2,(anonymous_300)
FN:2,(anonymous_301)
FN:2,(anonymous_302)
FN:2,(anonymous_303)
FN:2,(anonymous_304)
FN:2,(anonymous_305)
FN:2,(anonymous_306)
FN:2,(anonymous_307)
FN:2,(anonymous_308)
FN:2,(anonymous_309)
FN:2,(anonymous_310)
FN:2,(anonymous_311)
FN:2,(anonymous_312)
FN:2,(anonymous_313)
FN:2,(anonymous_314)
FN:2,(anonymous_315)
FN:2,(anonymous_316)
FN:2,(anonymous_317)
FN:2,(anonymous_318)
FN:2,h
FN:2,(anonymous_320)
FN:2,(anonymous_321)
FN:2,(anonymous_322)
FN:2,(anonymous_323)
FN:2,(anonymous_324)
FN:2,(anonymous_325)
FN:2,(anonymous_326)
FN:2,(anonymous_327)
FN:2,(anonymous_328)
FN:2,(anonymous_329)
FN:2,(anonymous_330)
FN:2,(anonymous_331)
FN:2,(anonymous_332)
FN:2,o
FN:2,(anonymous_334)
FN:2,(anonymous_335)
FN:2,(anonymous_336)
FN:2,(anonymous_337)
FN:2,(anonymous_338)
FN:2,(anonymous_339)
FN:2,(anonymous_340)
FN:2,t
FN:2,(anonymous_342)
FN:2,(anonymous_343)
FN:2,(anonymous_344)
FN:2,(anonymous_345)
FN:2,(anonymous_346)
FN:2,(anonymous_347)
FN:2,(anonymous_348)
FN:2,(anonymous_349)
FN:2,(anonymous_350)
FN:2,(anonymous_351)
FN:2,(anonymous_352)
FN:2,(anonymous_353)
FN:2,(anonymous_354)
FN:2,(anonymous_355)
FN:2,(anonymous_356)
FN:2,(anonymous_357)
FN:2,(anonymous_358)
FN:2,(anonymous_359)
FN:2,(anonymous_360)
FN:2,(anonymous_361)
FN:2,o
FN:2,(anonymous_363)
FN:2,(anonymous_364)
FN:2,(anonymous_365)
FN:2,(anonymous_366)
FN:2,(anonymous_367)
FN:2,(anonymous_368)
FN:2,(anonymous_369)
FN:2,(anonymous_370)
FN:2,(anonymous_371)
FN:2,(anonymous_372)
FN:2,(anonymous_373)
FN:2,(anonymous_374)
FN:2,(anonymous_375)
FN:2,(anonymous_376)
FN:2,(anonymous_377)
FN:2,(anonymous_378)
FN:2,(anonymous_379)
FN:2,(anonymous_380)
FN:2,(anonymous_381)
FN:2,o
FN:2,(anonymous_383)
FN:2,(anonymous_384)
FN:2,(anonymous_385)
FN:2,(anonymous_386)
FN:2,(anonymous_387)
FN:2,(anonymous_388)
FN:2,(anonymous_389)
FN:2,h
FN:2,(anonymous_391)
FN:2,(anonymous_392)
FN:2,(anonymous_393)
FN:2,(anonymous_394)
FN:2,(anonymous_395)
FN:2,(anonymous_396)
FN:2,(anonymous_397)
FN:2,(anonymous_398)
FN:2,(anonymous_399)
FN:2,(anonymous_400)
FN:2,(anonymous_401)
FN:2,(anonymous_402)
FN:2,(anonymous_403)
FN:2,(anonymous_404)
FN:2,(anonymous_405)
FN:2,(anonymous_406)
FN:2,(anonymous_407)
FN:2,(anonymous_408)
FN:2,(anonymous_409)
FN:2,(anonymous_410)
FN:2,(anonymous_411)
FN:2,(anonymous_412)
FN:2,o
FN:2,(anonymous_414)
FN:2,(anonymous_415)
FN:2,(anonymous_416)
FN:2,(anonymous_417)
FN:2,(anonymous_418)
FN:2,(anonymous_419)
FN:2,(anonymous_420)
FN:2,(anonymous_421)
FN:2,(anonymous_422)
FN:2,(anonymous_423)
FN:2,(anonymous_424)
FN:2,(anonymous_425)
FN:2,o
FN:2,(anonymous_427)
FN:2,(anonymous_428)
FN:2,(anonymous_429)
FN:2,(anonymous_430)
FN:2,(anonymous_431)
FN:2,(anonymous_432)
FN:2,(anonymous_433)
FN:2,(anonymous_434)
FN:2,(anonymous_435)
FN:2,(anonymous_436)
FN:2,(anonymous_437)
FN:2,(anonymous_438)
FN:2,(anonymous_439)
FN:2,(anonymous_440)
FN:2,(anonymous_441)
FN:2,(anonymous_442)
FN:2,(anonymous_443)
FN:2,(anonymous_444)
FN:2,(anonymous_445)
FN:2,(anonymous_446)
FN:2,(anonymous_447)
FN:2,(anonymous_448)
FN:2,(anonymous_449)
FN:2,(anonymous_450)
FN:2,(anonymous_451)
FN:2,(anonymous_452)
FN:2,(anonymous_453)
FN:2,(anonymous_454)
FN:2,(anonymous_455)
FN:2,(anonymous_456)
FN:2,(anonymous_457)
FN:2,(anonymous_458)
FN:2,(anonymous_459)
FN:2,(anonymous_460)
FN:2,(anonymous_461)
FN:2,(anonymous_462)
FN:2,(anonymous_463)
FN:2,(anonymous_464)
FN:2,(anonymous_465)
FN:2,(anonymous_466)
FN:2,(anonymous_467)
FN:2,(anonymous_468)
FN:2,(anonymous_469)
FN:2,(anonymous_470)
FN:2,(anonymous_471)
FN:2,(anonymous_472)
FN:2,(anonymous_473)
FN:2,o
FN:2,(anonymous_475)
FN:2,(anonymous_476)
FN:2,(anonymous_477)
FN:2,(anonymous_478)
FN:2,(anonymous_479)
FN:2,(anonymous_480)
FN:2,(anonymous_481)
FN:2,(anonymous_482)
FN:2,(anonymous_483)
FN:2,(anonymous_484)
FN:2,(anonymous_485)
FN:2,(anonymous_486)
FN:2,(anonymous_487)
FN:2,(anonymous_488)
FN:2,(anonymous_489)
FN:2,(anonymous_490)
FN:2,(anonymous_491)
FN:2,(anonymous_492)
FN:2,(anonymous_493)
FN:2,(anonymous_494)
FN:2,(anonymous_495)
FN:2,(anonymous_496)
FN:2,(anonymous_497)
FN:2,(anonymous_498)
FN:2,o
FN:2,(anonymous_500)
FN:2,(anonymous_501)
FN:2,(anonymous_502)
FN:2,o
FN:2,(anonymous_504)
FN:2,(anonymous_505)
FN:2,g
FN:2,s
FN:2,(anonymous_508)
FN:2,(anonymous_509)
FN:2,(anonymous_510)
FN:2,(anonymous_511)
FN:2,(anonymous_512)
FN:2,(anonymous_513)
FN:2,(anonymous_514)
FN:2,(anonymous_515)
FN:2,(anonymous_516)
FN:2,o
FN:2,(anonymous_518)
FN:2,(anonymous_519)
FN:2,o
FN:2,(anonymous_521)
FN:2,n
FN:2,s
FN:2,(anonymous_524)
FN:2,(anonymous_525)
FN:2,(anonymous_526)
FN:2,(anonymous_527)
FN:2,(anonymous_528)
FN:2,(anonymous_529)
FN:2,(anonymous_530)
FN:2,(anonymous_531)
FN:2,(anonymous_532)
FN:2,(anonymous_533)
FN:2,(anonymous_534)
FN:2,(anonymous_535)
FN:2,(anonymous_536)
FN:2,(anonymous_537)
FN:2,(anonymous_538)
FN:2,(anonymous_539)
FN:2,(anonymous_540)
FN:2,(anonymous_541)
FN:2,(anonymous_542)
FN:2,(anonymous_543)
FN:2,(anonymous_544)
FN:2,(anonymous_545)
FN:2,(anonymous_546)
FN:2,(anonymous_547)
FN:2,(anonymous_548)
FN:2,(anonymous_549)
FN:2,(anonymous_550)
FN:2,(anonymous_551)
FN:2,(anonymous_552)
FN:2,(anonymous_553)
FN:2,(anonymous_554)
FN:2,f
FN:2,r
FN:2,(anonymous_557)
FN:2,p
FN:2,o
FN:2,n
FN:2,s
FN:2,(anonymous_562)
FN:2,u
FN:2,(anonymous_564)
FN:2,(anonymous_565)
FN:2,(anonymous_566)
FN:2,(anonymous_567)
FN:2,(anonymous_568)
FN:2,(anonymous_569)
FN:2,(anonymous_570)
FN:2,(anonymous_571)
FN:2,(anonymous_572)
FN:2,(anonymous_573)
FN:2,(anonymous_574)
FN:2,(anonymous_575)
FN:2,(anonymous_576)
FN:2,(anonymous_577)
FN:2,(anonymous_578)
FN:2,(anonymous_579)
FN:2,(anonymous_580)
FN:2,(anonymous_581)
FN:2,(anonymous_582)
FN:2,(anonymous_583)
FN:2,(anonymous_584)
FN:2,(anonymous_585)
FN:2,(anonymous_586)
FN:2,(anonymous_587)
FN:2,(anonymous_588)
FN:2,(anonymous_589)
FN:2,(anonymous_590)
FN:2,(anonymous_591)
FN:2,(anonymous_592)
FN:2,(anonymous_593)
FN:2,(anonymous_594)
FN:2,(anonymous_595)
FN:2,(anonymous_596)
FN:2,(anonymous_597)
FN:2,(anonymous_598)
FN:2,(anonymous_599)
FN:2,(anonymous_600)
FN:2,(anonymous_601)
FN:2,(anonymous_602)
FN:2,(anonymous_603)
FN:2,(anonymous_604)
FN:2,(anonymous_605)
FN:2,(anonymous_606)
FN:2,(anonymous_607)
FN:2,(anonymous_608)
FN:2,(anonymous_609)
FN:2,(anonymous_610)
FN:2,(anonymous_611)
FN:2,(anonymous_612)
FN:2,(anonymous_613)
FN:2,(anonymous_614)
FN:2,(anonymous_615)
FN:2,(anonymous_616)
FN:2,(anonymous_617)
FN:2,(anonymous_618)
FN:2,(anonymous_619)
FN:2,(anonymous_620)
FN:2,(anonymous_621)
FN:2,(anonymous_622)
FN:2,(anonymous_623)
FN:2,(anonymous_624)
FN:2,(anonymous_625)
FN:2,(anonymous_626)
FN:2,(anonymous_627)
FN:2,(anonymous_628)
FN:2,(anonymous_629)
FN:2,(anonymous_630)
FN:2,(anonymous_631)
FN:2,(anonymous_632)
FN:2,(anonymous_633)
FN:2,(anonymous_634)
FN:2,o
FN:2,(anonymous_636)
FN:2,(anonymous_637)
FN:2,(anonymous_638)
FN:2,(anonymous_639)
FN:2,c
FN:2,(anonymous_641)
FN:2,(anonymous_642)
FN:2,t
FN:2,r
FN:2,o
FN:2,(anonymous_646)
FN:2,(anonymous_647)
FN:2,(anonymous_648)
FN:2,(anonymous_649)
FN:2,(anonymous_650)
FN:2,(anonymous_651)
FN:2,(anonymous_652)
FN:2,(anonymous_653)
FN:2,(anonymous_654)
FN:2,(anonymous_655)
FN:2,(anonymous_656)
FN:2,(anonymous_657)
FN:2,(anonymous_658)
FN:2,(anonymous_659)
FN:2,(anonymous_660)
FN:2,(anonymous_661)
FN:2,(anonymous_662)
FN:2,(anonymous_663)
FN:2,(anonymous_664)
FN:2,(anonymous_665)
FN:2,(anonymous_666)
FN:2,(anonymous_667)
FN:2,(anonymous_668)
FN:2,(anonymous_669)
FN:2,(anonymous_670)
FN:2,(anonymous_671)
FN:2,(anonymous_672)
FN:2,(anonymous_673)
FN:2,(anonymous_674)
FN:2,(anonymous_675)
FN:2,(anonymous_676)
FN:2,(anonymous_677)
FN:2,(anonymous_678)
FN:2,(anonymous_679)
FN:2,(anonymous_680)
FN:2,(anonymous_681)
FN:2,(anonymous_682)
FN:2,(anonymous_683)
FN:2,(anonymous_684)
FN:2,(anonymous_685)
FN:2,(anonymous_686)
FN:2,(anonymous_687)
FN:2,(anonymous_688)
FN:2,(anonymous_689)
FN:2,(anonymous_690)
FN:2,(anonymous_691)
FN:2,(anonymous_692)
FN:2,(anonymous_693)
FN:2,(anonymous_694)
FN:2,(anonymous_695)
FN:2,(anonymous_696)
FN:2,(anonymous_697)
FN:2,(anonymous_698)
FN:2,(anonymous_699)
FN:2,(anonymous_700)
FN:2,(anonymous_701)
FN:2,(anonymous_702)
FN:2,(anonymous_703)
FN:2,(anonymous_704)
FN:2,e
FN:2,(anonymous_706)
FN:2,(anonymous_707)
FN:2,(anonymous_708)
FN:2,(anonymous_709)
FN:2,(anonymous_710)
FN:2,e
FN:2,(anonymous_712)
FN:2,(anonymous_713)
FN:2,(anonymous_714)
FN:2,(anonymous_715)
FN:2,(anonymous_716)
FN:2,(anonymous_717)
FN:2,(anonymous_718)
FN:2,(anonymous_719)
FN:2,(anonymous_720)
FN:2,(anonymous_721)
FN:2,(anonymous_722)
FN:2,(anonymous_723)
FN:2,(anonymous_724)
FN:2,(anonymous_725)
FN:2,(anonymous_726)
FN:2,(anonymous_727)
FN:2,(anonymous_728)
FN:2,(anonymous_729)
FN:2,(anonymous_730)
FN:2,(anonymous_731)
FN:2,(anonymous_732)
FN:2,(anonymous_733)
FN:2,(anonymous_734)
FN:2,(anonymous_735)
FN:2,(anonymous_736)
FN:2,(anonymous_737)
FN:2,(anonymous_738)
FN:2,(anonymous_739)
FN:2,(anonymous_740)
FN:2,(anonymous_741)
FN:2,(anonymous_742)
FN:2,(anonymous_743)
FN:2,(anonymous_744)
FN:2,(anonymous_745)
FN:2,(anonymous_746)
FN:2,(anonymous_747)
FN:2,(anonymous_748)
FN:2,(anonymous_749)
FN:2,(anonymous_750)
FN:2,(anonymous_751)
FN:2,(anonymous_752)
FN:2,(anonymous_753)
FN:2,(anonymous_754)
FN:2,(anonymous_755)
FN:2,(anonymous_756)
FN:2,(anonymous_757)
FN:2,(anonymous_758)
FN:2,(anonymous_759)
FN:2,(anonymous_760)
FN:2,(anonymous_761)
FN:2,(anonymous_762)
FN:2,(anonymous_763)
FN:2,(anonymous_764)
FN:2,(anonymous_765)
FN:2,(anonymous_766)
FN:2,o
FN:2,r
FN:2,(anonymous_769)
FN:2,t
FN:2,U
FN:2,(anonymous_772)
FN:2,(anonymous_773)
FN:2,(anonymous_774)
FN:2,(anonymous_775)
FN:2,(anonymous_776)
FN:2,(anonymous_777)
FN:2,(anonymous_778)
FN:2,(anonymous_779)
FN:2,(anonymous_780)
FN:2,(anonymous_781)
FN:2,(anonymous_782)
FN:2,(anonymous_783)
FN:2,(anonymous_784)
FN:2,(anonymous_785)
FN:2,(anonymous_786)
FN:2,(anonymous_787)
FN:2,(anonymous_788)
FN:2,(anonymous_789)
FN:2,(anonymous_790)
FN:2,(anonymous_791)
FN:2,(anonymous_792)
FN:2,(anonymous_793)
FN:2,(anonymous_794)
FN:2,(anonymous_795)
FN:2,(anonymous_796)
FN:2,(anonymous_797)
FN:2,(anonymous_798)
FN:2,(anonymous_799)
FN:2,(anonymous_800)
FN:2,(anonymous_801)
FN:2,(anonymous_802)
FN:2,(anonymous_803)
FN:2,(anonymous_804)
FN:2,(anonymous_805)
FN:2,(anonymous_806)
FN:2,(anonymous_807)
FN:2,(anonymous_808)
FN:2,(anonymous_809)
FN:2,(anonymous_810)
FN:2,(anonymous_811)
FN:2,(anonymous_812)
FN:2,(anonymous_813)
FN:2,(anonymous_814)
FN:2,(anonymous_815)
FN:2,(anonymous_816)
FN:2,(anonymous_817)
FN:2,(anonymous_818)
FN:2,(anonymous_819)
FN:2,(anonymous_820)
FN:2,(anonymous_821)
FN:2,(anonymous_822)
FN:2,(anonymous_823)
FN:2,(anonymous_824)
FN:2,(anonymous_825)
FN:2,(anonymous_826)
FN:2,(anonymous_827)
FN:2,(anonymous_828)
FN:2,(anonymous_829)
FN:2,o
FN:2,(anonymous_831)
FN:2,(anonymous_832)
FN:2,(anonymous_833)
FN:2,(anonymous_834)
FN:2,(anonymous_835)
FN:2,(anonymous_836)
FN:2,(anonymous_837)
FN:2,(anonymous_838)
FN:2,(anonymous_839)
FN:2,(anonymous_840)
FN:2,(anonymous_841)
FN:2,(anonymous_842)
FN:2,(anonymous_843)
FN:2,(anonymous_844)
FN:2,(anonymous_845)
FN:2,(anonymous_846)
FN:2,(anonymous_847)
FN:2,(anonymous_848)
FN:2,(anonymous_849)
FN:2,(anonymous_850)
FN:2,(anonymous_851)
FN:2,(anonymous_852)
FN:2,(anonymous_853)
FN:2,(anonymous_854)
FN:2,(anonymous_855)
FN:2,(anonymous_856)
FN:2,(anonymous_857)
FN:2,(anonymous_858)
FN:2,(anonymous_859)
FN:2,(anonymous_860)
FN:2,(anonymous_861)
FN:2,(anonymous_862)
FN:2,(anonymous_863)
FN:2,(anonymous_864)
FN:2,(anonymous_865)
FN:2,(anonymous_866)
FN:2,(anonymous_867)
FN:2,(anonymous_868)
FN:2,(anonymous_869)
FN:2,(anonymous_870)
FN:2,(anonymous_871)
FN:2,(anonymous_872)
FN:2,(anonymous_873)
FN:2,(anonymous_874)
FN:2,(anonymous_875)
FN:2,(anonymous_876)
FN:2,(anonymous_877)
FN:2,(anonymous_878)
FN:2,o
FN:2,(anonymous_880)
FN:2,(anonymous_881)
FN:2,(anonymous_882)
FN:2,(anonymous_883)
FN:2,(anonymous_884)
FN:2,(anonymous_885)
FN:2,(anonymous_886)
FN:2,(anonymous_887)
FN:2,n
FN:2,r
FN:2,s
FN:2,c
FN:2,u
FN:2,d
FN:2,(anonymous_894)
FN:2,(anonymous_895)
FN:2,(anonymous_896)
FN:2,(anonymous_897)
FN:2,(anonymous_898)
FN:2,(anonymous_899)
FN:2,(anonymous_900)
FN:2,(anonymous_901)
FN:2,(anonymous_902)
FN:2,(anonymous_903)
FN:2,(anonymous_904)
FN:2,(anonymous_905)
FN:2,(anonymous_906)
FN:2,(anonymous_907)
FN:2,(anonymous_908)
FN:2,(anonymous_909)
FN:2,(anonymous_910)
FN:2,(anonymous_911)
FN:2,(anonymous_912)
FN:2,c
FN:2,n
FN:2,a
FN:2,l
FN:2,(anonymous_917)
FN:2,t
FN:2,(anonymous_919)
FN:2,(anonymous_920)
FN:2,(anonymous_921)
FN:2,(anonymous_922)
FN:2,(anonymous_923)
FN:2,(anonymous_924)
FN:2,(anonymous_925)
FN:2,(anonymous_926)
FN:2,(anonymous_927)
FN:2,(anonymous_928)
FN:2,(anonymous_929)
FN:2,(anonymous_930)
FN:2,(anonymous_931)
FN:2,(anonymous_932)
FN:2,(anonymous_933)
FN:2,(anonymous_934)
FN:2,(anonymous_935)
FN:2,(anonymous_936)
FN:2,(anonymous_937)
FN:2,(anonymous_938)
FN:2,(anonymous_939)
FN:2,(anonymous_940)
FN:2,(anonymous_941)
FN:2,(anonymous_942)
FN:2,(anonymous_943)
FN:2,(anonymous_944)
FN:2,(anonymous_945)
FN:2,(anonymous_946)
FN:2,(anonymous_947)
FN:2,(anonymous_948)
FN:2,(anonymous_949)
FN:2,(anonymous_950)
FN:2,(anonymous_951)
FN:2,(anonymous_952)
FN:2,(anonymous_953)
FN:2,(anonymous_954)
FN:2,(anonymous_955)
FN:2,(anonymous_956)
FN:2,(anonymous_957)
FN:2,(anonymous_958)
FN:2,(anonymous_959)
FN:2,(anonymous_960)
FN:2,(anonymous_961)
FN:2,l
FN:2,(anonymous_963)
FN:2,(anonymous_964)
FN:2,c
FN:2,(anonymous_966)
FN:2,h
FN:2,f
FN:2,(anonymous_969)
FN:2,g
FN:2,(anonymous_971)
FN:2,v
FN:2,(anonymous_973)
FN:2,(anonymous_974)
FN:2,(anonymous_975)
FN:2,_
FN:2,F
FN:2,(anonymous_978)
FN:2,(anonymous_979)
FN:2,(anonymous_980)
FN:2,(anonymous_981)
FN:2,S
FN:2,(anonymous_983)
FN:2,(anonymous_984)
FN:2,T
FN:2,U
FN:2,E
FN:2,M
FN:2,k
FN:2,C
FN:2,O
FN:2,P
FN:2,(anonymous_993)
FN:2,(anonymous_994)
FN:2,(anonymous_995)
FN:2,(anonymous_996)
FN:2,(anonymous_997)
FN:2,(anonymous_998)
FN:2,(anonymous_999)
FN:2,L
FN:2,(anonymous_1001)
FN:2,(anonymous_1002)
FN:2,(anonymous_1003)
FN:2,(anonymous_1004)
FN:2,(anonymous_1005)
FN:2,(anonymous_1006)
FN:2,I
FN:2,(anonymous_1008)
FN:2,(anonymous_1009)
FN:2,(anonymous_1010)
FN:2,(anonymous_1011)
FN:2,(anonymous_1012)
FN:2,(anonymous_1013)
FN:2,(anonymous_1014)
FN:2,(anonymous_1015)
FN:2,(anonymous_1016)
FN:2,(anonymous_1017)
FN:2,(anonymous_1018)
FN:2,(anonymous_1019)
FN:2,d
FN:2,h
FN:2,(anonymous_1022)
FN:2,(anonymous_1023)
FN:2,(anonymous_1024)
FN:2,(anonymous_1025)
FN:2,(anonymous_1026)
FN:2,(anonymous_1027)
FN:2,(anonymous_1028)
FN:2,(anonymous_1029)
FN:2,(anonymous_1030)
FN:2,(anonymous_1031)
FN:2,(anonymous_1032)
FN:2,(anonymous_1033)
FN:2,(anonymous_1034)
FN:2,(anonymous_1035)
FN:2,(anonymous_1036)
FN:2,(anonymous_1037)
FN:2,(anonymous_1038)
FN:2,(anonymous_1039)
FN:2,(anonymous_1040)
FN:2,(anonymous_1041)
FN:2,(anonymous_1042)
FN:2,(anonymous_1043)
FN:2,(anonymous_1044)
FN:2,(anonymous_1045)
FN:2,(anonymous_1046)
FN:2,(anonymous_1047)
FN:2,(anonymous_1048)
FN:2,(anonymous_1049)
FN:2,(anonymous_1050)
FN:2,(anonymous_1051)
FN:2,(anonymous_1052)
FN:2,(anonymous_1053)
FN:2,(anonymous_1054)
FN:2,(anonymous_1055)
FN:2,(anonymous_1056)
FN:2,(anonymous_1057)
FN:2,(anonymous_1058)
FN:2,(anonymous_1059)
FN:2,(anonymous_1060)
FN:2,(anonymous_1061)
FN:2,(anonymous_1062)
FN:2,(anonymous_1063)
FN:2,(anonymous_1064)
FN:2,M
FN:2,(anonymous_1066)
FN:2,(anonymous_1067)
FN:2,(anonymous_1068)
FN:2,(anonymous_1069)
FN:2,(anonymous_1070)
FN:2,(anonymous_1071)
FN:2,(anonymous_1072)
FN:2,i
FN:2,(anonymous_1074)
FN:2,E
FN:2,O
FN:2,A
FN:2,P
FN:2,L
FN:2,R
FN:2,I
FN:2,D
FN:2,u
FN:2,c
FN:2,v
FN:2,l
FN:2,d
FN:2,h
FN:2,(anonymous_1089)
FN:2,(anonymous_1090)
FN:2,(anonymous_1091)
FN:2,(anonymous_1092)
FN:2,(anonymous_1093)
FN:2,(anonymous_1094)
FN:2,(anonymous_1095)
FN:2,w
FN:2,T
FN:2,E
FN:2,C
FN:2,F
FN:2,(anonymous_1101)
FN:2,(anonymous_1102)
FN:2,(anonymous_1103)
FN:2,(anonymous_1104)
FN:2,y
FN:2,g
FN:2,v
FN:2,b
FN:2,_
FN:2,V
FN:2,z
FN:2,j
FN:2,d
FN:2,x
FN:2,m
FN:2,w
FN:2,S
FN:2,s
FN:2,T
FN:2,n
FN:2,i
FN:2,H
FN:2,E
FN:2,a
FN:2,W
FN:2,M
FN:2,h
FN:2,k
FN:2,C
FN:2,O
FN:2,q
FN:2,X
FN:2,f
FN:2,A
FN:2,P
FN:2,Y
FN:2,L
FN:2,Z
FN:2,R
FN:2,Q
FN:2,K
FN:2,J
FN:2,$
FN:2,p
FN:2,ee
FN:2,r
FN:2,I
FN:2,l
FN:2,te
FN:2,u
FN:2,re
FN:2,D
FN:2,oe
FN:2,ne
FN:2,se
FN:2,ie
FN:2,ae
FN:2,F
FN:2,le
FN:2,U
FN:2,ue
FN:2,N
FN:2,B
FN:2,G
FN:2,(anonymous_1165)
FN:2,(anonymous_1166)
FN:2,(anonymous_1167)
FN:2,(anonymous_1168)
FN:2,(anonymous_1169)
FN:2,(anonymous_1170)
FN:2,(anonymous_1171)
FN:2,(anonymous_1172)
FN:2,(anonymous_1173)
FN:2,(anonymous_1174)
FN:2,(anonymous_1175)
FN:2,(anonymous_1176)
FN:2,e
FN:2,(anonymous_1178)
FN:2,o
FN:2,_
FN:2,(anonymous_1181)
FN:2,(anonymous_1182)
FN:2,h
FN:2,f
FN:2,(anonymous_1185)
FN:2,(anonymous_1186)
FN:2,(anonymous_1187)
FN:2,(anonymous_1188)
FN:2,(anonymous_1189)
FN:2,E
FN:2,(anonymous_1191)
FN:2,(anonymous_1192)
FN:2,(anonymous_1193)
FN:2,(anonymous_1194)
FN:2,(anonymous_1195)
FN:2,(anonymous_1196)
FN:2,(anonymous_1197)
FN:2,(anonymous_1198)
FN:2,(anonymous_1199)
FN:2,D
FN:2,(anonymous_1201)
FN:2,B
FN:2,G
FN:2,Q
FN:2,J
FN:2,b
FN:2,$
FN:2,ee
FN:2,(anonymous_1209)
FN:2,(anonymous_1210)
FN:2,g
FN:2,a
FN:2,h
FN:2,oe
FN:2,ne
FN:2,(anonymous_1216)
FN:2,(anonymous_1217)
FN:2,(anonymous_1218)
FN:2,(anonymous_1219)
FN:2,(anonymous_1220)
FN:2,(anonymous_1221)
FN:2,(anonymous_1222)
FN:2,(anonymous_1223)
FN:2,(anonymous_1224)
FN:2,(anonymous_1225)
FN:2,(anonymous_1226)
FN:2,(anonymous_1227)
FN:2,(anonymous_1228)
FN:2,(anonymous_1229)
FN:2,(anonymous_1230)
FN:2,e
FN:2,(anonymous_1232)
FN:2,(anonymous_1233)
FN:2,r
FN:2,(anonymous_1235)
FN:2,(anonymous_1236)
FN:2,(anonymous_1237)
FN:2,(anonymous_1238)
FN:2,(anonymous_1239)
FN:2,(anonymous_1240)
FN:2,(anonymous_1241)
FN:2,(anonymous_1242)
FN:2,(anonymous_1243)
FN:2,(anonymous_1244)
FN:2,(anonymous_1245)
FN:2,(anonymous_1246)
FN:2,(anonymous_1247)
FN:2,(anonymous_1248)
FN:2,(anonymous_1249)
FN:2,(anonymous_1250)
FN:2,(anonymous_1251)
FN:2,(anonymous_1252)
FN:2,(anonymous_1253)
FN:2,(anonymous_1254)
FN:2,(anonymous_1255)
FN:2,(anonymous_1256)
FN:2,(anonymous_1257)
FN:2,le
FN:2,(anonymous_1259)
FN:2,(anonymous_1260)
FN:2,(anonymous_1261)
FN:2,(anonymous_1262)
FN:2,(anonymous_1263)
FN:2,(anonymous_1264)
FN:2,(anonymous_1265)
FN:2,(anonymous_1266)
FN:2,(anonymous_1267)
FN:2,(anonymous_1268)
FN:2,(anonymous_1269)
FN:2,(anonymous_1270)
FN:2,(anonymous_1271)
FN:2,n
FN:2,ce
FN:2,de
FN:2,he
FN:2,fe
FN:2,pe
FN:2,(anonymous_1278)
FN:2,(anonymous_1279)
FN:2,me
FN:2,(anonymous_1281)
FN:2,ye
FN:2,(anonymous_1283)
FN:2,(anonymous_1284)
FN:2,(anonymous_1285)
FN:2,(anonymous_1286)
FN:2,(anonymous_1287)
FN:2,(anonymous_1288)
FN:2,(anonymous_1289)
FN:2,(anonymous_1290)
FN:2,(anonymous_1291)
FN:2,(anonymous_1292)
FN:2,(anonymous_1293)
FN:2,ge
FN:2,ve
FN:2,be
FN:2,_e
FN:2,u
FN:2,(anonymous_1299)
FN:2,(anonymous_1300)
FN:2,(anonymous_1301)
FN:2,(anonymous_1302)
FN:2,(anonymous_1303)
FN:2,(anonymous_1304)
FN:2,(anonymous_1305)
FN:2,(anonymous_1306)
FN:2,(anonymous_1307)
FN:2,(anonymous_1308)
FN:2,(anonymous_1309)
FN:2,(anonymous_1310)
FN:2,(anonymous_1311)
FN:2,(anonymous_1312)
FN:2,(anonymous_1313)
FN:2,(anonymous_1314)
FN:2,(anonymous_1315)
FN:2,(anonymous_1316)
FN:2,(anonymous_1317)
FN:2,(anonymous_1318)
FN:2,(anonymous_1319)
FN:2,(anonymous_1320)
FN:2,(anonymous_1321)
FN:2,(anonymous_1322)
FN:2,(anonymous_1323)
FN:2,(anonymous_1324)
FN:2,(anonymous_1325)
FN:2,(anonymous_1326)
FN:2,(anonymous_1327)
FN:2,(anonymous_1328)
FN:2,(anonymous_1329)
FN:2,(anonymous_1330)
FN:2,(anonymous_1331)
FN:2,(anonymous_1332)
FN:2,(anonymous_1333)
FN:2,(anonymous_1334)
FN:2,(anonymous_1335)
FN:2,(anonymous_1336)
FN:2,(anonymous_1337)
FN:2,(anonymous_1338)
FN:2,(anonymous_1339)
FN:2,(anonymous_1340)
FN:2,(anonymous_1341)
FN:2,(anonymous_1342)
FN:2,(anonymous_1343)
FN:2,(anonymous_1344)
FN:2,(anonymous_1345)
FN:2,(anonymous_1346)
FN:2,(anonymous_1347)
FN:2,(anonymous_1348)
FN:2,(anonymous_1349)
FN:2,(anonymous_1350)
FN:2,(anonymous_1351)
FN:2,(anonymous_1352)
FN:2,Me
FN:2,ke
FN:2,Ce
FN:2,Oe
FN:2,(anonymous_1357)
FN:2,(anonymous_1358)
FN:2,(anonymous_1359)
FN:2,(anonymous_1360)
FN:2,(anonymous_1361)
FN:2,(anonymous_1362)
FN:2,f
FN:2,Ae
FN:2,(anonymous_1365)
FN:2,(anonymous_1366)
FN:2,Pe
FN:2,(anonymous_1368)
FN:2,(anonymous_1369)
FN:2,(anonymous_1370)
FN:2,(anonymous_1371)
FN:2,(anonymous_1372)
FN:2,(anonymous_1373)
FN:2,(anonymous_1374)
FN:2,(anonymous_1375)
FN:2,(anonymous_1376)
FN:2,(anonymous_1377)
FN:2,o
FN:2,(anonymous_1379)
FN:2,(anonymous_1380)
FN:2,(anonymous_1381)
FN:2,(anonymous_1382)
FN:2,(anonymous_1383)
FN:2,(anonymous_1384)
FN:2,(anonymous_1385)
FN:2,(anonymous_1386)
FN:2,(anonymous_1387)
FN:2,(anonymous_1388)
FN:2,Le
FN:2,y
FN:2,Re
FN:2,Ie
FN:2,De
FN:2,Fe
FN:2,Be
FN:2,Ge
FN:2,Ve
FN:2,L
FN:2,R
FN:2,e
FN:2,ze
FN:2,He
FN:2,e
FN:2,We
FN:2,qe
FN:2,Xe
FN:2,(anonymous_1407)
FN:2,(anonymous_1408)
FN:2,(anonymous_1409)
FN:2,(anonymous_1410)
FN:2,(anonymous_1411)
FN:2,(anonymous_1412)
FN:2,(anonymous_1413)
FN:2,(anonymous_1414)
FN:2,(anonymous_1415)
FN:2,(anonymous_1416)
FN:2,(anonymous_1417)
FN:2,(anonymous_1418)
FN:2,(anonymous_1419)
FN:2,(anonymous_1420)
FN:2,(anonymous_1421)
FN:2,(anonymous_1422)
FN:2,(anonymous_1423)
FN:2,(anonymous_1424)
FN:2,(anonymous_1425)
FN:2,at
FN:2,lt
FN:2,ut
FN:2,ct
FN:2,(anonymous_1430)
FN:2,(anonymous_1431)
FN:2,(anonymous_1432)
FN:2,(anonymous_1433)
FN:2,(anonymous_1434)
FN:2,(anonymous_1435)
FN:2,(anonymous_1436)
FN:2,(anonymous_1437)
FN:2,(anonymous_1438)
FN:2,(anonymous_1439)
FN:2,(anonymous_1440)
FN:2,(anonymous_1441)
FN:2,(anonymous_1442)
FN:2,(anonymous_1443)
FN:2,(anonymous_1444)
FN:2,(anonymous_1445)
FN:2,(anonymous_1446)
FN:2,(anonymous_1447)
FN:2,(anonymous_1448)
FN:2,(anonymous_1449)
FN:2,(anonymous_1450)
FN:2,(anonymous_1451)
FN:2,(anonymous_1452)
FN:2,(anonymous_1453)
FN:2,(anonymous_1454)
FN:2,(anonymous_1455)
FN:2,(anonymous_1456)
FN:2,(anonymous_1457)
FN:2,(anonymous_1458)
FN:2,(anonymous_1459)
FN:2,(anonymous_1460)
FN:2,(anonymous_1461)
FN:2,(anonymous_1462)
FN:2,vt
FN:2,bt
FN:2,_t
FN:2,jt
FN:2,(anonymous_1467)
FN:2,xt
FN:2,(anonymous_1469)
FN:2,(anonymous_1470)
FN:2,St
FN:2,Tt
FN:2,Et
FN:2,Mt
FN:2,kt
FN:2,i
FN:2,Ct
FN:2,Ot
FN:2,j
FN:2,At
FN:2,Pt
FN:2,Lt
FN:2,Rt
FN:2,(anonymous_1484)
FN:2,It
FN:2,(anonymous_1486)
FN:2,(anonymous_1487)
FN:2,(anonymous_1488)
FN:2,(anonymous_1489)
FN:2,(anonymous_1490)
FN:2,(anonymous_1491)
FN:2,(anonymous_1492)
FN:2,(anonymous_1493)
FN:2,(anonymous_1494)
FN:2,(anonymous_1495)
FN:2,(anonymous_1496)
FN:2,(anonymous_1497)
FN:2,(anonymous_1498)
FN:2,(anonymous_1499)
FN:2,(anonymous_1500)
FN:2,(anonymous_1501)
FN:2,(anonymous_1502)
FN:2,(anonymous_1503)
FN:2,(anonymous_1504)
FN:2,(anonymous_1505)
FN:2,(anonymous_1506)
FN:2,(anonymous_1507)
FN:2,(anonymous_1508)
FN:2,(anonymous_1509)
FN:2,(anonymous_1510)
FN:2,Ft
FN:2,(anonymous_1512)
FN:2,Ut
FN:2,Nt
FN:2,Bt
FN:2,Gt
FN:2,Vt
FN:2,zt
FN:2,Ht
FN:2,(anonymous_1520)
FN:2,(anonymous_1521)
FN:2,(anonymous_1522)
FN:2,(anonymous_1523)
FN:2,(anonymous_1524)
FN:2,(anonymous_1525)
FN:2,(anonymous_1526)
FN:2,(anonymous_1527)
FN:2,(anonymous_1528)
FN:2,(anonymous_1529)
FN:2,(anonymous_1530)
FN:2,(anonymous_1531)
FN:2,Wt
FN:2,qt
FN:2,E
FN:2,(anonymous_1535)
FN:2,(anonymous_1536)
FN:2,(anonymous_1537)
FN:2,(anonymous_1538)
FN:2,(anonymous_1539)
FN:2,(anonymous_1540)
FN:2,M
FN:2,Zt
FN:2,Qt
FN:2,Kt
FN:2,Jt
FN:2,$t
FN:2,er
FN:2,tr
FN:2,rr
FN:2,or
FN:2,nr
FN:2,sr
FN:2,ir
FN:2,ar
FN:2,lr
FN:2,ur
FN:2,cr
FN:2,dr
FN:2,hr
FN:2,fr
FN:2,pr
FN:2,mr
FN:2,k
FN:2,C
FN:2,O
FN:2,(anonymous_1566)
FN:2,(anonymous_1567)
FN:2,(anonymous_1568)
FN:2,(anonymous_1569)
FN:2,(anonymous_1570)
FN:2,(anonymous_1571)
FN:2,(anonymous_1572)
FN:2,(anonymous_1573)
FN:2,(anonymous_1574)
FN:2,(anonymous_1575)
FN:2,(anonymous_1576)
FN:2,(anonymous_1577)
FN:2,(anonymous_1578)
FN:2,(anonymous_1579)
FN:2,(anonymous_1580)
FN:2,(anonymous_1581)
FN:2,(anonymous_1582)
FN:2,(anonymous_1583)
FN:2,(anonymous_1584)
FN:2,(anonymous_1585)
FN:2,(anonymous_1586)
FN:2,(anonymous_1587)
FN:2,(anonymous_1588)
FN:2,(anonymous_1589)
FN:2,(anonymous_1590)
FN:2,(anonymous_1591)
FN:2,(anonymous_1592)
FN:2,(anonymous_1593)
FN:2,(anonymous_1594)
FN:2,(anonymous_1595)
FN:2,(anonymous_1596)
FN:2,(anonymous_1597)
FN:2,(anonymous_1598)
FN:2,(anonymous_1599)
FN:2,(anonymous_1600)
FN:2,(anonymous_1601)
FN:2,(anonymous_1602)
FN:2,(anonymous_1603)
FN:2,(anonymous_1604)
FN:2,(anonymous_1605)
FN:2,(anonymous_1606)
FN:2,(anonymous_1607)
FN:2,(anonymous_1608)
FN:2,(anonymous_1609)
FN:2,(anonymous_1610)
FN:2,(anonymous_1611)
FN:2,(anonymous_1612)
FN:2,(anonymous_1613)
FN:2,(anonymous_1614)
FN:2,(anonymous_1615)
FN:2,(anonymous_1616)
FN:2,(anonymous_1617)
FN:2,(anonymous_1618)
FN:2,(anonymous_1619)
FN:2,(anonymous_1620)
FN:2,(anonymous_1621)
FN:2,(anonymous_1622)
FN:2,(anonymous_1623)
FN:2,(anonymous_1624)
FN:2,(anonymous_1625)
FN:2,(anonymous_1626)
FN:2,(anonymous_1627)
FN:2,(anonymous_1628)
FN:2,(anonymous_1629)
FN:2,(anonymous_1630)
FN:2,(anonymous_1631)
FN:2,(anonymous_1632)
FN:2,(anonymous_1633)
FN:2,(anonymous_1634)
FN:2,(anonymous_1635)
FN:2,(anonymous_1636)
FN:2,(anonymous_1637)
FN:2,(anonymous_1638)
FN:2,(anonymous_1639)
FN:2,(anonymous_1640)
FN:2,(anonymous_1641)
FN:2,(anonymous_1642)
FN:2,(anonymous_1643)
FN:2,(anonymous_1644)
FN:2,(anonymous_1645)
FN:2,(anonymous_1646)
FN:2,(anonymous_1647)
FN:2,A
FN:2,(anonymous_1649)
FN:2,jr
FN:2,(anonymous_1651)
FN:2,(anonymous_1652)
FN:2,(anonymous_1653)
FN:2,(anonymous_1654)
FN:2,(anonymous_1655)
FN:2,(anonymous_1656)
FN:2,(anonymous_1657)
FN:2,(anonymous_1658)
FN:2,(anonymous_1659)
FN:2,(anonymous_1660)
FN:2,(anonymous_1661)
FN:2,(anonymous_1662)
FN:2,(anonymous_1663)
FN:2,(anonymous_1664)
FN:2,(anonymous_1665)
FN:2,(anonymous_1666)
FN:2,(anonymous_1667)
FN:2,(anonymous_1668)
FN:2,(anonymous_1669)
FN:2,(anonymous_1670)
FN:2,(anonymous_1671)
FN:2,(anonymous_1672)
FN:2,e
FN:2,(anonymous_1674)
FN:2,(anonymous_1675)
FN:2,(anonymous_1676)
FN:2,(anonymous_1677)
FN:2,(anonymous_1678)
FN:2,(anonymous_1679)
FN:2,(anonymous_1680)
FN:2,(anonymous_1681)
FN:2,(anonymous_1682)
FN:2,(anonymous_1683)
FN:2,(anonymous_1684)
FN:2,(anonymous_1685)
FN:2,(anonymous_1686)
FN:2,(anonymous_1687)
FN:2,(anonymous_1688)
FN:2,(anonymous_1689)
FN:2,(anonymous_1690)
FN:2,(anonymous_1691)
FN:2,(anonymous_1692)
FN:2,(anonymous_1693)
FN:2,(anonymous_1694)
FN:2,(anonymous_1695)
FN:2,(anonymous_1696)
FN:2,(anonymous_1697)
FN:2,(anonymous_1698)
FN:2,(anonymous_1699)
FN:2,(anonymous_1700)
FN:2,(anonymous_1701)
FN:2,(anonymous_1702)
FN:2,Mr
FN:2,(anonymous_1704)
FN:2,kr
FN:2,(anonymous_1706)
FN:2,(anonymous_1707)
FN:2,Cr
FN:2,I
FN:2,Or
FN:2,(anonymous_1711)
FN:2,(anonymous_1712)
FN:2,(anonymous_1713)
FN:2,(anonymous_1714)
FN:2,(anonymous_1715)
FN:2,(anonymous_1716)
FN:2,s
FN:2,i
FN:2,(anonymous_1719)
FN:2,(anonymous_1720)
FN:2,(anonymous_1721)
FN:2,(anonymous_1722)
FN:2,(anonymous_1723)
FN:2,(anonymous_1724)
FN:2,(anonymous_1725)
FN:2,(anonymous_1726)
FN:2,r
FN:2,(anonymous_1728)
FN:2,(anonymous_1729)
FN:2,(anonymous_1730)
FN:2,(anonymous_1731)
FN:2,(anonymous_1732)
FN:2,(anonymous_1733)
FN:2,(anonymous_1734)
FN:2,s
FN:2,i
FN:2,a
FN:2,h
FN:2,f
FN:2,(anonymous_1740)
FN:2,p
FN:2,m
FN:2,(anonymous_1743)
FN:2,(anonymous_1744)
FN:2,(anonymous_1745)
FN:2,(anonymous_1746)
FN:2,(anonymous_1747)
FN:2,(anonymous_1748)
FN:2,(anonymous_1749)
FN:2,(anonymous_1750)
FN:2,(anonymous_1751)
FN:2,i
FN:2,(anonymous_1753)
FN:2,e
FN:2,c
FN:2,y
FN:2,a
FN:2,g
FN:2,(anonymous_1759)
FN:2,_
FN:2,(anonymous_1761)
FN:2,(anonymous_1762)
FN:2,j
FN:2,(anonymous_1764)
FN:2,e
FN:2,(anonymous_1766)
FN:2,t
FN:2,(anonymous_1768)
FN:2,(anonymous_1769)
FN:2,(anonymous_1770)
FN:2,(anonymous_1771)
FN:2,x
FN:2,w
FN:2,S
FN:2,T
FN:2,e
FN:2,E
FN:2,(anonymous_1778)
FN:2,(anonymous_1779)
FN:2,(anonymous_1780)
FN:2,(anonymous_1781)
FN:2,(anonymous_1782)
FN:2,(anonymous_1783)
FN:2,(anonymous_1784)
FN:2,(anonymous_1785)
FN:2,(anonymous_1786)
FN:2,e
FN:2,(anonymous_1788)
FN:2,(anonymous_1789)
FN:2,(anonymous_1790)
FN:2,e
FN:2,(anonymous_1792)
FN:2,(anonymous_1793)
FN:2,(anonymous_1794)
FN:2,(anonymous_1795)
FN:2,(anonymous_1796)
FN:2,(anonymous_1797)
FN:2,(anonymous_1798)
FN:2,d
FN:2,h
FN:2,f
FN:2,(anonymous_1802)
FN:2,(anonymous_1803)
FN:2,p
FN:2,(anonymous_1805)
FN:2,(anonymous_1806)
FN:2,(anonymous_1807)
FN:2,m
FN:2,y
FN:2,(anonymous_1810)
FN:2,(anonymous_1811)
FN:2,(anonymous_1812)
FN:2,g
FN:2,v
FN:2,b
FN:2,(anonymous_1816)
FN:2,(anonymous_1817)
FN:2,(anonymous_1818)
FN:2,(anonymous_1819)
FN:2,(anonymous_1820)
FN:2,(anonymous_1821)
FN:2,(anonymous_1822)
FN:2,_
FN:2,j
FN:2,(anonymous_1825)
FN:2,x
FN:2,(anonymous_1827)
FN:2,(anonymous_1828)
FN:2,(anonymous_1829)
FN:2,(anonymous_1830)
FN:2,(anonymous_1831)
FN:2,(anonymous_1832)
FN:2,(anonymous_1833)
FN:2,(anonymous_1834)
FN:2,(anonymous_1835)
FN:2,(anonymous_1836)
FN:2,(anonymous_1837)
FN:2,(anonymous_1838)
FN:2,(anonymous_1839)
FN:2,(anonymous_1840)
FN:2,(anonymous_1841)
FN:2,(anonymous_1842)
FN:2,(anonymous_1843)
FN:2,(anonymous_1844)
FN:2,(anonymous_1845)
FN:2,(anonymous_1846)
FN:2,(anonymous_1847)
FN:2,(anonymous_1848)
FN:2,(anonymous_1849)
FN:2,(anonymous_1850)
FN:2,(anonymous_1851)
FN:2,(anonymous_1852)
FN:2,(anonymous_1853)
FN:2,n
FN:2,(anonymous_1855)
FN:2,(anonymous_1856)
FN:2,h
FN:2,(anonymous_1858)
FN:2,(anonymous_1859)
FN:2,(anonymous_1860)
FN:2,(anonymous_1861)
FN:2,(anonymous_1862)
FN:2,(anonymous_1863)
FN:2,(anonymous_1864)
FN:2,(anonymous_1865)
FN:2,(anonymous_1866)
FN:2,(anonymous_1867)
FN:2,(anonymous_1868)
FN:2,(anonymous_1869)
FN:2,l
FN:2,(anonymous_1871)
FN:2,(anonymous_1872)
FN:2,(anonymous_1873)
FN:2,u
FN:2,(anonymous_1875)
FN:2,(anonymous_1876)
FN:2,(anonymous_1877)
FN:2,(anonymous_1878)
FN:2,(anonymous_1879)
FN:2,(anonymous_1880)
FN:2,(anonymous_1881)
FN:2,(anonymous_1882)
FN:2,(anonymous_1883)
FN:2,(anonymous_1884)
FN:2,(anonymous_1885)
FN:2,(anonymous_1886)
FN:2,(anonymous_1887)
FN:2,(anonymous_1888)
FN:2,(anonymous_1889)
FN:2,(anonymous_1890)
FN:2,(anonymous_1891)
FN:2,(anonymous_1892)
FN:2,(anonymous_1893)
FN:2,(anonymous_1894)
FN:2,(anonymous_1895)
FN:2,(anonymous_1896)
FN:2,(anonymous_1897)
FN:2,(anonymous_1898)
FN:2,(anonymous_1899)
FN:2,(anonymous_1900)
FN:2,(anonymous_1901)
FN:2,o
FN:2,(anonymous_1903)
FN:2,(anonymous_1904)
FN:2,i
FN:2,(anonymous_1906)
FN:2,(anonymous_1907)
FN:2,(anonymous_1908)
FN:2,a
FN:2,(anonymous_1910)
FN:2,(anonymous_1911)
FN:2,(anonymous_1912)
FN:2,(anonymous_1913)
FN:2,(anonymous_1914)
FN:2,(anonymous_1915)
FN:2,(anonymous_1916)
FN:2,(anonymous_1917)
FN:2,(anonymous_1918)
FN:2,(anonymous_1919)
FN:2,(anonymous_1920)
FN:2,(anonymous_1921)
FN:2,(anonymous_1922)
FN:2,(anonymous_1923)
FN:2,(anonymous_1924)
FN:2,o
FN:2,(anonymous_1926)
FN:2,(anonymous_1927)
FN:2,i
FN:2,(anonymous_1929)
FN:2,(anonymous_1930)
FN:2,(anonymous_1931)
FN:2,a
FN:2,(anonymous_1933)
FN:2,s
FN:2,l
FN:2,(anonymous_1936)
FN:2,c
FN:2,(anonymous_1938)
FN:2,(anonymous_1939)
FN:2,(anonymous_1940)
FN:2,(anonymous_1941)
FN:2,(anonymous_1942)
FN:2,(anonymous_1943)
FN:2,(anonymous_1944)
FN:2,(anonymous_1945)
FN:2,(anonymous_1946)
FN:2,(anonymous_1947)
FN:2,(anonymous_1948)
FN:2,(anonymous_1949)
FN:2,(anonymous_1950)
FN:2,(anonymous_1951)
FN:2,(anonymous_1952)
FN:2,(anonymous_1953)
FN:2,(anonymous_1954)
FN:2,(anonymous_1955)
FN:2,(anonymous_1956)
FN:2,(anonymous_1957)
FN:2,(anonymous_1958)
FN:2,(anonymous_1959)
FN:2,(anonymous_1960)
FN:2,(anonymous_1961)
FN:2,(anonymous_1962)
FN:2,(anonymous_1963)
FN:2,(anonymous_1964)
FN:2,(anonymous_1965)
FN:2,(anonymous_1966)
FN:2,(anonymous_1967)
FN:2,(anonymous_1968)
FN:2,(anonymous_1969)
FN:2,(anonymous_1970)
FN:2,o
FN:2,(anonymous_1972)
FN:2,(anonymous_1973)
FN:2,i
FN:2,(anonymous_1975)
FN:2,(anonymous_1976)
FN:2,(anonymous_1977)
FN:2,l
FN:2,(anonymous_1979)
FN:2,(anonymous_1980)
FN:2,(anonymous_1981)
FN:2,(anonymous_1982)
FN:2,(anonymous_1983)
FN:2,(anonymous_1984)
FN:2,(anonymous_1985)
FN:2,(anonymous_1986)
FN:2,(anonymous_1987)
FN:2,(anonymous_1988)
FN:2,(anonymous_1989)
FN:2,(anonymous_1990)
FN:2,(anonymous_1991)
FN:2,(anonymous_1992)
FN:2,(anonymous_1993)
FN:2,o
FN:2,(anonymous_1995)
FN:2,(anonymous_1996)
FN:2,i
FN:2,(anonymous_1998)
FN:2,(anonymous_1999)
FN:2,(anonymous_2000)
FN:2,a
FN:2,(anonymous_2002)
FN:2,d
FN:2,h
FN:2,(anonymous_2005)
FN:2,(anonymous_2006)
FN:2,(anonymous_2007)
FN:2,(anonymous_2008)
FN:2,(anonymous_2009)
FN:2,(anonymous_2010)
FN:2,(anonymous_2011)
FN:2,(anonymous_2012)
FN:2,(anonymous_2013)
FN:2,(anonymous_2014)
FN:2,(anonymous_2015)
FN:2,(anonymous_2016)
FN:2,(anonymous_2017)
FN:2,(anonymous_2018)
FN:2,(anonymous_2019)
FN:2,(anonymous_2020)
FN:2,n
FN:2,(anonymous_2022)
FN:2,(anonymous_2023)
FN:2,(anonymous_2024)
FN:2,e
FN:2,(anonymous_2026)
FN:2,(anonymous_2027)
FN:2,(anonymous_2028)
FN:2,(anonymous_2029)
FN:2,(anonymous_2030)
FN:2,(anonymous_2031)
FN:2,(anonymous_2032)
FN:2,o
FN:2,(anonymous_2034)
FN:2,(anonymous_2035)
FN:2,i
FN:2,(anonymous_2037)
FN:2,(anonymous_2038)
FN:2,k
FN:2,(anonymous_2040)
FN:2,C
FN:2,O
FN:2,D
FN:2,A
FN:2,P
FN:2,L
FN:2,(anonymous_2047)
FN:2,(anonymous_2048)
FN:2,o
FN:2,(anonymous_2050)
FN:2,(anonymous_2051)
FN:2,(anonymous_2052)
FN:2,(anonymous_2053)
FN:2,(anonymous_2054)
FN:2,(anonymous_2055)
FN:2,(anonymous_2056)
FN:2,(anonymous_2057)
FN:2,(anonymous_2058)
FN:2,(anonymous_2059)
FN:2,(anonymous_2060)
FN:2,(anonymous_2061)
FN:2,(anonymous_2062)
FN:2,(anonymous_2063)
FN:2,(anonymous_2064)
FN:2,(anonymous_2065)
FN:2,o
FN:2,(anonymous_2067)
FN:2,(anonymous_2068)
FN:2,(anonymous_2069)
FN:2,i
FN:2,(anonymous_2071)
FN:2,a
FN:2,(anonymous_2073)
FN:2,(anonymous_2074)
FN:2,(anonymous_2075)
FN:2,(anonymous_2076)
FN:2,o
FN:2,(anonymous_2078)
FN:2,(anonymous_2079)
FN:2,i
FN:2,(anonymous_2081)
FN:2,(anonymous_2082)
FN:2,(anonymous_2083)
FN:2,a
FN:2,(anonymous_2085)
FN:2,(anonymous_2086)
FN:2,(anonymous_2087)
FN:2,(anonymous_2088)
FN:2,(anonymous_2089)
FN:2,(anonymous_2090)
FN:2,a
FN:2,l
FN:2,(anonymous_2093)
FN:2,r
FN:2,(anonymous_2095)
FN:2,(anonymous_2096)
FN:2,(anonymous_2097)
FN:2,(anonymous_2098)
FN:2,(anonymous_2099)
FN:2,(anonymous_2100)
FN:2,(anonymous_2101)
FN:2,(anonymous_2102)
FN:2,(anonymous_2103)
FN:2,(anonymous_2104)
FN:2,(anonymous_2105)
FN:2,(anonymous_2106)
FN:2,(anonymous_2107)
FN:2,(anonymous_2108)
FN:2,(anonymous_2109)
FN:2,(anonymous_2110)
FN:2,(anonymous_2111)
FN:2,(anonymous_2112)
FN:2,(anonymous_2113)
FN:2,(anonymous_2114)
FN:2,(anonymous_2115)
FN:2,(anonymous_2116)
FN:2,(anonymous_2117)
FN:2,o
FN:2,(anonymous_2119)
FN:2,(anonymous_2120)
FN:2,i
FN:2,(anonymous_2122)
FN:2,(anonymous_2123)
FN:2,(anonymous_2124)
FN:2,a
FN:2,(anonymous_2126)
FN:2,s
FN:2,(anonymous_2128)
FN:2,g
FN:2,(anonymous_2130)
FN:2,(anonymous_2131)
FN:2,(anonymous_2132)
FN:2,(anonymous_2133)
FN:2,(anonymous_2134)
FN:2,(anonymous_2135)
FN:2,(anonymous_2136)
FN:2,(anonymous_2137)
FN:2,(anonymous_2138)
FN:2,(anonymous_2139)
FN:2,(anonymous_2140)
FN:2,(anonymous_2141)
FN:2,(anonymous_2142)
FN:2,m
FN:2,y
FN:2,(anonymous_2145)
FN:2,(anonymous_2146)
FN:2,(anonymous_2147)
FN:2,(anonymous_2148)
FN:2,(anonymous_2149)
FN:2,(anonymous_2150)
FN:2,(anonymous_2151)
FN:2,(anonymous_2152)
FN:2,s
FN:2,(anonymous_2154)
FN:2,r
FN:2,(anonymous_2156)
FN:2,(anonymous_2157)
FN:2,(anonymous_2158)
FN:2,(anonymous_2159)
FN:2,(anonymous_2160)
FN:2,(anonymous_2161)
FN:2,(anonymous_2162)
FN:2,(anonymous_2163)
FN:2,(anonymous_2164)
FN:2,(anonymous_2165)
FN:2,(anonymous_2166)
FN:2,(anonymous_2167)
FN:2,(anonymous_2168)
FN:2,(anonymous_2169)
FN:2,(anonymous_2170)
FN:2,(anonymous_2171)
FN:2,(anonymous_2172)
FN:2,(anonymous_2173)
FN:2,(anonymous_2174)
FN:2,(anonymous_2175)
FN:2,(anonymous_2176)
FN:2,(anonymous_2177)
FN:2,o
FN:2,(anonymous_2179)
FN:2,(anonymous_2180)
FN:2,i
FN:2,(anonymous_2182)
FN:2,(anonymous_2183)
FN:2,(anonymous_2184)
FN:2,a
FN:2,(anonymous_2186)
FN:2,n
FN:2,s
FN:2,(anonymous_2189)
FN:2,h
FN:2,(anonymous_2191)
FN:2,(anonymous_2192)
FN:2,(anonymous_2193)
FN:2,f
FN:2,p
FN:2,l
FN:2,(anonymous_2197)
FN:2,(anonymous_2198)
FN:2,u
FN:2,(anonymous_2200)
FN:2,(anonymous_2201)
FN:2,(anonymous_2202)
FN:2,(anonymous_2203)
FN:2,(anonymous_2204)
FN:2,o
FN:2,(anonymous_2206)
FN:2,(anonymous_2207)
FN:2,(anonymous_2208)
FN:2,i
FN:2,(anonymous_2210)
FN:2,l
FN:2,(anonymous_2212)
FN:2,(anonymous_2213)
FN:2,u
FN:2,c
FN:2,(anonymous_2216)
FN:2,d
FN:2,(anonymous_2218)
FN:2,(anonymous_2219)
FN:2,(anonymous_2220)
FN:2,h
FN:2,n
FN:2,(anonymous_2223)
FN:2,(anonymous_2224)
FN:2,s
FN:2,(anonymous_2226)
FN:2,(anonymous_2227)
FN:2,(anonymous_2228)
FN:2,(anonymous_2229)
FN:2,(anonymous_2230)
FN:2,(anonymous_2231)
FN:2,(anonymous_2232)
FN:2,(anonymous_2233)
FN:2,(anonymous_2234)
FN:2,(anonymous_2235)
FN:2,(anonymous_2236)
FN:2,(anonymous_2237)
FN:2,(anonymous_2238)
FN:2,(anonymous_2239)
FN:2,(anonymous_2240)
FN:2,(anonymous_2241)
FN:2,f
FN:2,(anonymous_2243)
FN:2,(anonymous_2244)
FN:2,o
FN:2,(anonymous_2246)
FN:2,(anonymous_2247)
FN:2,i
FN:2,(anonymous_2249)
FN:2,(anonymous_2250)
FN:2,(anonymous_2251)
FN:2,a
FN:2,(anonymous_2253)
FN:2,s
FN:2,l
FN:2,(anonymous_2256)
FN:2,(anonymous_2257)
FN:2,u
FN:2,(anonymous_2259)
FN:2,c
FN:2,(anonymous_2261)
FN:2,(anonymous_2262)
FN:2,(anonymous_2263)
FN:2,h
FN:2,(anonymous_2265)
FN:2,(anonymous_2266)
FN:2,n
FN:2,(anonymous_2268)
FN:2,(anonymous_2269)
FN:2,(anonymous_2270)
FN:2,(anonymous_2271)
FN:2,(anonymous_2272)
FN:2,(anonymous_2273)
FN:2,(anonymous_2274)
FN:2,(anonymous_2275)
FN:2,(anonymous_2276)
FN:2,(anonymous_2277)
FN:2,(anonymous_2278)
FN:2,(anonymous_2279)
FN:2,(anonymous_2280)
FN:2,(anonymous_2281)
FN:2,(anonymous_2282)
FN:2,(anonymous_2283)
FN:2,(anonymous_2284)
FN:2,(anonymous_2285)
FN:2,(anonymous_2286)
FN:2,(anonymous_2287)
FN:2,(anonymous_2288)
FN:2,(anonymous_2289)
FN:2,(anonymous_2290)
FN:2,(anonymous_2291)
FN:2,(anonymous_2292)
FN:2,(anonymous_2293)
FN:2,(anonymous_2294)
FN:2,(anonymous_2295)
FN:2,(anonymous_2296)
FN:2,(anonymous_2297)
FN:2,(anonymous_2298)
FN:2,(anonymous_2299)
FN:2,(anonymous_2300)
FN:2,(anonymous_2301)
FN:2,(anonymous_2302)
FN:2,(anonymous_2303)
FN:2,(anonymous_2304)
FN:2,(anonymous_2305)
FN:2,(anonymous_2306)
FN:2,(anonymous_2307)
FN:2,(anonymous_2308)
FN:2,(anonymous_2309)
FN:2,(anonymous_2310)
FN:2,(anonymous_2311)
FN:2,(anonymous_2312)
FN:2,(anonymous_2313)
FN:2,(anonymous_2314)
FN:2,(anonymous_2315)
FN:2,(anonymous_2316)
FN:2,(anonymous_2317)
FN:2,(anonymous_2318)
FN:2,(anonymous_2319)
FN:2,o
FN:2,(anonymous_2321)
FN:2,(anonymous_2322)
FN:2,(anonymous_2323)
FN:2,(anonymous_2324)
FN:2,(anonymous_2325)
FN:2,(anonymous_2326)
FN:2,(anonymous_2327)
FN:2,(anonymous_2328)
FN:2,(anonymous_2329)
FN:2,o
FN:2,(anonymous_2331)
FN:2,(anonymous_2332)
FN:2,(anonymous_2333)
FN:2,i
FN:2,(anonymous_2335)
FN:2,c
FN:2,(anonymous_2337)
FN:2,(anonymous_2338)
FN:2,(anonymous_2339)
FN:2,(anonymous_2340)
FN:2,(anonymous_2341)
FN:2,(anonymous_2342)
FN:2,(anonymous_2343)
FN:2,(anonymous_2344)
FN:2,(anonymous_2345)
FN:2,(anonymous_2346)
FN:2,(anonymous_2347)
FN:2,o
FN:2,(anonymous_2349)
FN:2,(anonymous_2350)
FN:2,i
FN:2,(anonymous_2352)
FN:2,(anonymous_2353)
FN:2,(anonymous_2354)
FN:2,c
FN:2,(anonymous_2356)
FN:2,n
FN:2,s
FN:2,(anonymous_2359)
FN:2,(anonymous_2360)
FN:2,(anonymous_2361)
FN:2,(anonymous_2362)
FN:2,(anonymous_2363)
FN:2,(anonymous_2364)
FN:2,(anonymous_2365)
FN:2,(anonymous_2366)
FN:2,(anonymous_2367)
FN:2,(anonymous_2368)
FN:2,(anonymous_2369)
FN:2,(anonymous_2370)
FN:2,(anonymous_2371)
FN:2,(anonymous_2372)
FN:2,(anonymous_2373)
FN:2,(anonymous_2374)
FN:2,o
FN:2,(anonymous_2376)
FN:2,(anonymous_2377)
FN:2,i
FN:2,(anonymous_2379)
FN:2,(anonymous_2380)
FN:2,(anonymous_2381)
FN:2,a
FN:2,(anonymous_2383)
FN:2,(anonymous_2384)
FN:2,(anonymous_2385)
FN:2,(anonymous_2386)
FN:2,(anonymous_2387)
FN:2,(anonymous_2388)
FN:2,(anonymous_2389)
FN:2,(anonymous_2390)
FN:2,(anonymous_2391)
FN:2,(anonymous_2392)
FN:2,(anonymous_2393)
FN:2,(anonymous_2394)
FN:2,(anonymous_2395)
FN:2,(anonymous_2396)
FN:2,(anonymous_2397)
FN:2,(anonymous_2398)
FN:2,(anonymous_2399)
FN:2,(anonymous_2400)
FN:2,(anonymous_2401)
FN:2,o
FN:2,(anonymous_2403)
FN:2,(anonymous_2404)
FN:2,i
FN:2,(anonymous_2406)
FN:2,(anonymous_2407)
FN:2,(anonymous_2408)
FN:2,u
FN:2,(anonymous_2410)
FN:2,(anonymous_2411)
FN:2,(anonymous_2412)
FN:2,(anonymous_2413)
FN:2,(anonymous_2414)
FN:2,(anonymous_2415)
FN:2,(anonymous_2416)
FN:2,(anonymous_2417)
FN:2,(anonymous_2418)
FN:2,(anonymous_2419)
FN:2,(anonymous_2420)
FN:2,(anonymous_2421)
FN:2,(anonymous_2422)
FN:2,(anonymous_2423)
FN:2,(anonymous_2424)
FN:2,(anonymous_2425)
FN:2,(anonymous_2426)
FN:2,(anonymous_2427)
FN:2,(anonymous_2428)
FN:2,o
FN:2,(anonymous_2430)
FN:2,(anonymous_2431)
FN:2,(anonymous_2432)
FN:2,(anonymous_2433)
FN:2,(anonymous_2434)
FN:2,(anonymous_2435)
FN:2,(anonymous_2436)
FN:2,(anonymous_2437)
FN:2,(anonymous_2438)
FN:2,(anonymous_2439)
FN:2,(anonymous_2440)
FN:2,(anonymous_2441)
FN:2,(anonymous_2442)
FN:2,(anonymous_2443)
FN:2,o
FN:2,(anonymous_2445)
FN:2,(anonymous_2446)
FN:2,s
FN:2,(anonymous_2448)
FN:2,(anonymous_2449)
FN:2,(anonymous_2450)
FN:2,i
FN:2,(anonymous_2452)
FN:2,(anonymous_2453)
FN:2,(anonymous_2454)
FN:2,(anonymous_2455)
FN:2,(anonymous_2456)
FN:2,(anonymous_2457)
FN:2,(anonymous_2458)
FN:2,o
FN:2,(anonymous_2460)
FN:2,(anonymous_2461)
FN:2,n
FN:2,(anonymous_2463)
FN:2,(anonymous_2464)
FN:2,i
FN:2,a
FN:2,(anonymous_2467)
FN:2,l
FN:2,(anonymous_2469)
FN:2,(anonymous_2470)
FN:2,(anonymous_2471)
FN:2,u
FN:2,(anonymous_2473)
FN:2,c
FN:2,d
FN:2,h
FN:2,(anonymous_2477)
FN:2,(anonymous_2478)
FN:2,(anonymous_2479)
FN:2,r
FN:2,(anonymous_2481)
FN:2,(anonymous_2482)
FN:2,(anonymous_2483)
FN:2,(anonymous_2484)
FN:2,(anonymous_2485)
FN:2,(anonymous_2486)
FN:2,(anonymous_2487)
FN:2,(anonymous_2488)
FN:2,(anonymous_2489)
FN:2,(anonymous_2490)
FN:2,(anonymous_2491)
FN:2,(anonymous_2492)
FN:2,(anonymous_2493)
FN:2,n
FN:2,(anonymous_2495)
FN:2,(anonymous_2496)
FN:2,n
FN:2,(anonymous_2498)
FN:2,(anonymous_2499)
FN:2,(anonymous_2500)
FN:2,(anonymous_2501)
FN:2,(anonymous_2502)
FN:2,(anonymous_2503)
FN:2,(anonymous_2504)
FN:2,(anonymous_2505)
FN:2,(anonymous_2506)
FN:2,(anonymous_2507)
FN:2,(anonymous_2508)
FN:2,(anonymous_2509)
FN:2,n
FN:2,(anonymous_2511)
FN:2,(anonymous_2512)
FN:2,s
FN:2,a
FN:2,l
FN:2,(anonymous_2516)
FN:2,u
FN:2,(anonymous_2518)
FN:2,(anonymous_2519)
FN:2,(anonymous_2520)
FN:2,c
FN:2,i
FN:2,(anonymous_2523)
FN:2,d
FN:2,p
FN:2,(anonymous_2526)
FN:2,(anonymous_2527)
FN:2,m
FN:2,h
FN:2,e
FN:2,(anonymous_2531)
FN:2,(anonymous_2532)
FN:2,(anonymous_2533)
FN:2,(anonymous_2534)
FN:2,(anonymous_2535)
FN:2,(anonymous_2536)
FN:2,(anonymous_2537)
FN:2,(anonymous_2538)
FN:2,(anonymous_2539)
FN:2,(anonymous_2540)
FN:2,(anonymous_2541)
FN:2,(anonymous_2542)
FN:2,(anonymous_2543)
FN:2,(anonymous_2544)
FN:2,(anonymous_2545)
FN:2,(anonymous_2546)
FN:2,(anonymous_2547)
FN:2,(anonymous_2548)
FN:2,(anonymous_2549)
FN:2,(anonymous_2550)
FN:2,(anonymous_2551)
FN:2,(anonymous_2552)
FN:2,(anonymous_2553)
FN:2,(anonymous_2554)
FN:2,(anonymous_2555)
FN:2,(anonymous_2556)
FN:2,(anonymous_2557)
FN:2,(anonymous_2558)
FN:2,(anonymous_2559)
FN:2,t
FN:2,d
FN:2,(anonymous_2562)
FN:2,(anonymous_2563)
FN:2,(anonymous_2564)
FN:2,(anonymous_2565)
FN:2,(anonymous_2566)
FN:2,(anonymous_2567)
FN:2,(anonymous_2568)
FN:2,(anonymous_2569)
FN:2,(anonymous_2570)
FN:2,(anonymous_2571)
FN:2,(anonymous_2572)
FN:2,(anonymous_2573)
FN:2,(anonymous_2574)
FN:2,(anonymous_2575)
FN:2,(anonymous_2576)
FN:2,(anonymous_2577)
FN:2,(anonymous_2578)
FN:2,(anonymous_2579)
FN:2,(anonymous_2580)
FN:2,(anonymous_2581)
FN:2,(anonymous_2582)
FN:2,(anonymous_2583)
FN:2,(anonymous_2584)
FN:2,(anonymous_2585)
FN:2,(anonymous_2586)
FN:2,(anonymous_2587)
FN:2,(anonymous_2588)
FN:2,(anonymous_2589)
FN:2,(anonymous_2590)
FN:2,(anonymous_2591)
FN:2,(anonymous_2592)
FN:2,(anonymous_2593)
FN:2,(anonymous_2594)
FN:2,(anonymous_2595)
FN:2,(anonymous_2596)
FN:2,(anonymous_2597)
FN:2,(anonymous_2598)
FN:2,(anonymous_2599)
FN:2,(anonymous_2600)
FN:2,(anonymous_2601)
FN:2,(anonymous_2602)
FN:2,(anonymous_2603)
FN:2,(anonymous_2604)
FN:2,(anonymous_2605)
FN:2,(anonymous_2606)
FN:2,c
FN:2,d
FN:2,(anonymous_2609)
FN:2,y
FN:2,(anonymous_2611)
FN:2,i
FN:2,(anonymous_2613)
FN:2,(anonymous_2614)
FN:2,(anonymous_2615)
FN:2,(anonymous_2616)
FN:2,(anonymous_2617)
FN:2,(anonymous_2618)
FN:2,(anonymous_2619)
FN:2,(anonymous_2620)
FN:2,(anonymous_2621)
FN:2,(anonymous_2622)
FN:2,(anonymous_2623)
FN:2,(anonymous_2624)
FN:2,(anonymous_2625)
FN:2,(anonymous_2626)
FN:2,(anonymous_2627)
FN:2,(anonymous_2628)
FN:2,(anonymous_2629)
FN:2,(anonymous_2630)
FN:2,(anonymous_2631)
FN:2,(anonymous_2632)
FN:2,(anonymous_2633)
FN:2,(anonymous_2634)
FN:2,(anonymous_2635)
FN:2,(anonymous_2636)
FN:2,(anonymous_2637)
FN:2,(anonymous_2638)
FN:2,(anonymous_2639)
FN:2,(anonymous_2640)
FN:2,(anonymous_2641)
FN:2,(anonymous_2642)
FN:2,(anonymous_2643)
FN:2,(anonymous_2644)
FN:2,(anonymous_2645)
FN:2,(anonymous_2646)
FN:2,(anonymous_2647)
FN:2,(anonymous_2648)
FN:2,(anonymous_2649)
FN:2,(anonymous_2650)
FN:2,(anonymous_2651)
FN:2,r
FN:2,(anonymous_2653)
FN:2,(anonymous_2654)
FN:2,(anonymous_2655)
FN:2,(anonymous_2656)
FN:2,(anonymous_2657)
FN:2,(anonymous_2658)
FN:2,(anonymous_2659)
FN:2,(anonymous_2660)
FN:2,(anonymous_2661)
FN:2,(anonymous_2662)
FN:2,(anonymous_2663)
FN:2,(anonymous_2664)
FN:2,(anonymous_2665)
FN:2,(anonymous_2666)
FN:2,(anonymous_2667)
FN:2,(anonymous_2668)
FN:2,(anonymous_2669)
FN:2,(anonymous_2670)
FN:2,(anonymous_2671)
FN:2,o
FN:2,(anonymous_2673)
FN:2,(anonymous_2674)
FN:2,i
FN:2,(anonymous_2676)
FN:2,(anonymous_2677)
FN:2,(anonymous_2678)
FN:2,a
FN:2,(anonymous_2680)
FN:2,(anonymous_2681)
FN:2,(anonymous_2682)
FN:2,(anonymous_2683)
FN:2,(anonymous_2684)
FN:2,(anonymous_2685)
FN:2,(anonymous_2686)
FN:2,(anonymous_2687)
FN:2,(anonymous_2688)
FN:2,(anonymous_2689)
FN:2,(anonymous_2690)
FN:2,(anonymous_2691)
FN:2,(anonymous_2692)
FN:2,(anonymous_2693)
FN:2,(anonymous_2694)
FN:2,(anonymous_2695)
FN:2,(anonymous_2696)
FN:2,(anonymous_2697)
FN:2,(anonymous_2698)
FN:2,(anonymous_2699)
FN:2,(anonymous_2700)
FN:2,(anonymous_2701)
FN:2,(anonymous_2702)
FN:2,(anonymous_2703)
FN:2,(anonymous_2704)
FN:2,(anonymous_2705)
FN:2,(anonymous_2706)
FN:2,(anonymous_2707)
FN:2,(anonymous_2708)
FN:2,(anonymous_2709)
FN:2,(anonymous_2710)
FN:2,(anonymous_2711)
FN:2,(anonymous_2712)
FN:2,(anonymous_2713)
FN:2,o
FN:2,A
FN:2,(anonymous_2716)
FN:2,(anonymous_2717)
FN:2,(anonymous_2718)
FN:2,(anonymous_2719)
FN:2,(anonymous_2720)
FN:2,(anonymous_2721)
FN:2,(anonymous_2722)
FN:2,(anonymous_2723)
FN:2,(anonymous_2724)
FN:2,(anonymous_2725)
FN:2,(anonymous_2726)
FN:2,(anonymous_2727)
FN:2,(anonymous_2728)
FN:2,(anonymous_2729)
FN:2,(anonymous_2730)
FN:2,(anonymous_2731)
FN:2,(anonymous_2732)
FN:2,(anonymous_2733)
FN:2,(anonymous_2734)
FN:2,o
FN:2,(anonymous_2736)
FN:2,(anonymous_2737)
FN:2,i
FN:2,(anonymous_2739)
FN:2,(anonymous_2740)
FN:2,(anonymous_2741)
FN:2,a
FN:2,(anonymous_2743)
FN:2,n
FN:2,l
FN:2,y
FN:2,v
FN:2,(anonymous_2748)
FN:2,(anonymous_2749)
FN:2,(anonymous_2750)
FN:2,(anonymous_2751)
FN:2,(anonymous_2752)
FN:2,(anonymous_2753)
FN:2,(anonymous_2754)
FN:2,(anonymous_2755)
FN:2,(anonymous_2756)
FN:2,(anonymous_2757)
FN:2,e
FN:2,(anonymous_2759)
FN:2,(anonymous_2760)
FN:2,(anonymous_2761)
FN:2,(anonymous_2762)
FN:2,(anonymous_2763)
FN:2,(anonymous_2764)
FN:2,(anonymous_2765)
FN:2,(anonymous_2766)
FN:2,(anonymous_2767)
FN:2,n
FN:2,s
FN:2,(anonymous_2770)
FN:2,(anonymous_2771)
FN:2,(anonymous_2772)
FN:2,(anonymous_2773)
FN:2,(anonymous_2774)
FN:2,(anonymous_2775)
FN:2,o
FN:2,i
FN:2,(anonymous_2778)
FN:2,r
FN:2,(anonymous_2780)
FN:2,(anonymous_2781)
FN:2,(anonymous_2782)
FN:2,(anonymous_2783)
FN:2,(anonymous_2784)
FN:2,(anonymous_2785)
FN:2,(anonymous_2786)
FN:2,(anonymous_2787)
FN:2,(anonymous_2788)
FN:2,(anonymous_2789)
FN:2,(anonymous_2790)
FN:2,(anonymous_2791)
FN:2,(anonymous_2792)
FN:2,(anonymous_2793)
FN:2,(anonymous_2794)
FN:2,(anonymous_2795)
FN:2,(anonymous_2796)
FN:2,(anonymous_2797)
FN:2,(anonymous_2798)
FN:2,(anonymous_2799)
FN:2,(anonymous_2800)
FN:2,(anonymous_2801)
FN:2,(anonymous_2802)
FN:2,(anonymous_2803)
FN:2,o
FN:2,(anonymous_2805)
FN:2,(anonymous_2806)
FN:2,(anonymous_2807)
FN:2,(anonymous_2808)
FN:2,(anonymous_2809)
FN:2,(anonymous_2810)
FN:2,(anonymous_2811)
FN:2,(anonymous_2812)
FN:2,(anonymous_2813)
FN:2,(anonymous_2814)
FN:2,(anonymous_2815)
FN:2,o
FN:2,(anonymous_2817)
FN:2,(anonymous_2818)
FN:2,s
FN:2,y
FN:2,(anonymous_2821)
FN:2,(anonymous_2822)
FN:2,g
FN:2,i
FN:2,(anonymous_2825)
FN:2,(anonymous_2826)
FN:2,(anonymous_2827)
FN:2,(anonymous_2828)
FN:2,(anonymous_2829)
FN:2,(anonymous_2830)
FN:2,(anonymous_2831)
FN:2,(anonymous_2832)
FN:2,(anonymous_2833)
FN:2,(anonymous_2834)
FN:2,(anonymous_2835)
FN:2,(anonymous_2836)
FN:2,(anonymous_2837)
FN:2,(anonymous_2838)
FN:2,(anonymous_2839)
FN:2,(anonymous_2840)
FN:2,(anonymous_2841)
FN:2,(anonymous_2842)
FN:2,(anonymous_2843)
FN:2,(anonymous_2844)
FN:2,(anonymous_2845)
FN:2,(anonymous_2846)
FN:2,(anonymous_2847)
FN:2,(anonymous_2848)
FN:2,(anonymous_2849)
FN:2,(anonymous_2850)
FN:2,(anonymous_2851)
FN:2,(anonymous_2852)
FN:2,(anonymous_2853)
FN:2,(anonymous_2854)
FN:2,(anonymous_2855)
FN:2,(anonymous_2856)
FN:2,(anonymous_2857)
FN:2,(anonymous_2858)
FN:2,(anonymous_2859)
FN:2,(anonymous_2860)
FN:2,(anonymous_2861)
FN:2,(anonymous_2862)
FN:2,(anonymous_2863)
FN:2,(anonymous_2864)
FN:2,(anonymous_2865)
FN:2,s
FN:2,(anonymous_2867)
FN:2,t
FN:2,(anonymous_2869)
FN:2,(anonymous_2870)
FN:2,(anonymous_2871)
FN:2,(anonymous_2872)
FN:2,(anonymous_2873)
FN:2,(anonymous_2874)
FN:2,(anonymous_2875)
FN:2,(anonymous_2876)
FN:2,(anonymous_2877)
FN:2,(anonymous_2878)
FN:2,(anonymous_2879)
FN:2,(anonymous_2880)
FN:2,(anonymous_2881)
FN:2,(anonymous_2882)
FN:2,(anonymous_2883)
FN:2,(anonymous_2884)
FN:2,(anonymous_2885)
FN:2,(anonymous_2886)
FN:2,(anonymous_2887)
FN:2,(anonymous_2888)
FN:2,(anonymous_2889)
FN:2,(anonymous_2890)
FN:2,(anonymous_2891)
FN:2,(anonymous_2892)
FN:2,(anonymous_2893)
FN:2,n
FN:2,(anonymous_2895)
FN:2,o
FN:2,(anonymous_2897)
FN:2,(anonymous_2898)
FN:2,(anonymous_2899)
FN:2,(anonymous_2900)
FN:2,(anonymous_2901)
FN:2,(anonymous_2902)
FN:2,(anonymous_2903)
FN:2,n
FN:2,s
FN:2,(anonymous_2906)
FN:2,t
FN:2,(anonymous_2908)
FN:2,(anonymous_2909)
FN:2,(anonymous_2910)
FN:2,(anonymous_2911)
FN:2,(anonymous_2912)
FN:2,(anonymous_2913)
FN:2,(anonymous_2914)
FN:2,(anonymous_2915)
FN:2,(anonymous_2916)
FN:2,(anonymous_2917)
FN:2,(anonymous_2918)
FN:2,(anonymous_2919)
FN:2,(anonymous_2920)
FN:2,(anonymous_2921)
FN:2,(anonymous_2922)
FN:2,(anonymous_2923)
FN:2,(anonymous_2924)
FN:2,(anonymous_2925)
FN:2,(anonymous_2926)
FN:2,n
FN:2,(anonymous_2928)
FN:2,(anonymous_2929)
FN:2,(anonymous_2930)
FN:2,(anonymous_2931)
FN:2,(anonymous_2932)
FN:2,(anonymous_2933)
FN:2,(anonymous_2934)
FN:2,(anonymous_2935)
FN:2,(anonymous_2936)
FN:2,(anonymous_2937)
FN:2,(anonymous_2938)
FN:2,(anonymous_2939)
FN:2,(anonymous_2940)
FN:2,(anonymous_2941)
FN:2,(anonymous_2942)
FN:2,(anonymous_2943)
FN:2,(anonymous_2944)
FN:2,n
FN:2,(anonymous_2946)
FN:2,(anonymous_2947)
FN:2,(anonymous_2948)
FN:2,s
FN:2,(anonymous_2950)
FN:2,(anonymous_2951)
FN:2,(anonymous_2952)
FN:2,b
FN:2,(anonymous_2954)
FN:2,(anonymous_2955)
FN:2,(anonymous_2956)
FN:2,(anonymous_2957)
FN:2,(anonymous_2958)
FN:2,(anonymous_2959)
FN:2,(anonymous_2960)
FN:2,o
FN:2,(anonymous_2962)
FN:2,(anonymous_2963)
FN:2,i
FN:2,(anonymous_2965)
FN:2,(anonymous_2966)
FN:2,(anonymous_2967)
FN:2,l
FN:2,(anonymous_2969)
FN:2,u
FN:2,(anonymous_2971)
FN:2,n
FN:2,(anonymous_2973)
FN:2,(anonymous_2974)
FN:2,(anonymous_2975)
FN:2,(anonymous_2976)
FN:2,(anonymous_2977)
FN:2,(anonymous_2978)
FN:2,(anonymous_2979)
FN:2,(anonymous_2980)
FN:2,(anonymous_2981)
FN:2,(anonymous_2982)
FN:2,(anonymous_2983)
FN:2,(anonymous_2984)
FN:2,(anonymous_2985)
FN:2,(anonymous_2986)
FN:2,(anonymous_2987)
FN:2,(anonymous_2988)
FN:2,(anonymous_2989)
FN:2,(anonymous_2990)
FN:2,(anonymous_2991)
FN:2,(anonymous_2992)
FN:2,(anonymous_2993)
FN:2,(anonymous_2994)
FN:2,(anonymous_2995)
FN:2,(anonymous_2996)
FN:2,(anonymous_2997)
FN:2,(anonymous_2998)
FN:2,(anonymous_2999)
FN:2,(anonymous_3000)
FN:2,(anonymous_3001)
FN:2,(anonymous_3002)
FN:2,(anonymous_3003)
FN:2,(anonymous_3004)
FN:2,(anonymous_3005)
FN:2,(anonymous_3006)
FN:2,(anonymous_3007)
FN:2,(anonymous_3008)
FN:2,(anonymous_3009)
FN:2,(anonymous_3010)
FN:2,(anonymous_3011)
FN:2,(anonymous_3012)
FN:2,(anonymous_3013)
FN:2,(anonymous_3014)
FN:2,(anonymous_3015)
FN:2,(anonymous_3016)
FN:2,(anonymous_3017)
FN:2,(anonymous_3018)
FN:2,(anonymous_3019)
FN:2,(anonymous_3020)
FN:2,(anonymous_3021)
FN:2,(anonymous_3022)
FN:2,(anonymous_3023)
FN:2,(anonymous_3024)
FN:2,(anonymous_3025)
FN:2,(anonymous_3026)
FN:2,(anonymous_3027)
FN:2,(anonymous_3028)
FN:2,(anonymous_3029)
FN:2,(anonymous_3030)
FN:2,(anonymous_3031)
FN:2,(anonymous_3032)
FN:2,(anonymous_3033)
FN:2,(anonymous_3034)
FN:2,(anonymous_3035)
FN:2,(anonymous_3036)
FN:2,(anonymous_3037)
FN:2,(anonymous_3038)
FN:2,(anonymous_3039)
FN:2,(anonymous_3040)
FN:2,(anonymous_3041)
FN:2,(anonymous_3042)
FN:2,(anonymous_3043)
FN:2,(anonymous_3044)
FN:2,(anonymous_3045)
FN:2,o
FN:2,(anonymous_3047)
FN:2,(anonymous_3048)
FN:2,i
FN:2,(anonymous_3050)
FN:2,(anonymous_3051)
FN:2,(anonymous_3052)
FN:2,a
FN:2,(anonymous_3054)
FN:2,(anonymous_3055)
FN:2,(anonymous_3056)
FN:2,(anonymous_3057)
FN:2,(anonymous_3058)
FN:2,(anonymous_3059)
FN:2,(anonymous_3060)
FN:2,(anonymous_3061)
FN:2,(anonymous_3062)
FN:2,(anonymous_3063)
FN:2,(anonymous_3064)
FN:2,(anonymous_3065)
FN:2,(anonymous_3066)
FN:2,(anonymous_3067)
FN:2,(anonymous_3068)
FN:2,(anonymous_3069)
FN:2,(anonymous_3070)
FN:2,(anonymous_3071)
FN:2,(anonymous_3072)
FN:2,(anonymous_3073)
FN:2,(anonymous_3074)
FN:2,(anonymous_3075)
FN:2,(anonymous_3076)
FN:2,(anonymous_3077)
FN:2,(anonymous_3078)
FN:2,(anonymous_3079)
FN:2,o
FN:2,(anonymous_3081)
FN:2,(anonymous_3082)
FN:2,i
FN:2,(anonymous_3084)
FN:2,(anonymous_3085)
FN:2,a
FN:2,(anonymous_3087)
FN:2,s
FN:2,(anonymous_3089)
FN:2,(anonymous_3090)
FN:2,(anonymous_3091)
FN:2,(anonymous_3092)
FN:2,(anonymous_3093)
FN:2,o
FN:2,(anonymous_3095)
FN:2,(anonymous_3096)
FN:2,(anonymous_3097)
FN:2,i
FN:2,(anonymous_3099)
FN:2,_
FN:2,(anonymous_3101)
FN:2,(anonymous_3102)
FN:2,s
FN:2,j
FN:2,x
FN:2,d
FN:2,h
FN:2,(anonymous_3108)
FN:2,w
FN:2,(anonymous_3110)
FN:2,r
FN:2,o
FN:2,n
FN:2,b
FN:2,E
FN:2,c
FN:2,S
FN:2,T
FN:2,M
FN:2,f
FN:2,y
FN:2,(anonymous_3122)
FN:2,t
FN:2,(anonymous_3124)
FN:2,(anonymous_3125)
FN:2,(anonymous_3126)
FN:2,(anonymous_3127)
FN:2,(anonymous_3128)
FN:2,(anonymous_3129)
FN:2,(anonymous_3130)
FN:2,(anonymous_3131)
FN:2,(anonymous_3132)
FN:2,(anonymous_3133)
FN:2,(anonymous_3134)
FN:2,(anonymous_3135)
FN:2,(anonymous_3136)
FN:2,(anonymous_3137)
FN:2,(anonymous_3138)
FN:2,(anonymous_3139)
FN:2,(anonymous_3140)
FN:2,(anonymous_3141)
FN:2,(anonymous_3142)
FN:2,(anonymous_3143)
FN:2,(anonymous_3144)
FN:2,(anonymous_3145)
FN:2,(anonymous_3146)
FN:2,(anonymous_3147)
FN:2,(anonymous_3148)
FN:2,(anonymous_3149)
FN:2,(anonymous_3150)
FN:2,(anonymous_3151)
FN:2,(anonymous_3152)
FN:2,(anonymous_3153)
FN:2,(anonymous_3154)
FN:2,(anonymous_3155)
FN:2,(anonymous_3156)
FN:2,(anonymous_3157)
FN:2,(anonymous_3158)
FN:2,(anonymous_3159)
FN:2,(anonymous_3160)
FN:2,(anonymous_3161)
FN:2,(anonymous_3162)
FN:2,(anonymous_3163)
FN:2,(anonymous_3164)
FN:2,(anonymous_3165)
FN:2,i
FN:2,(anonymous_3167)
FN:2,(anonymous_3168)
FN:2,(anonymous_3169)
FN:2,o
FN:2,n
FN:2,a
FN:2,l
FN:2,(anonymous_3174)
FN:2,(anonymous_3175)
FN:2,(anonymous_3176)
FN:2,(anonymous_3177)
FN:2,(anonymous_3178)
FN:2,(anonymous_3179)
FN:2,(anonymous_3180)
FN:2,(anonymous_3181)
FN:2,(anonymous_3182)
FN:2,(anonymous_3183)
FN:2,(anonymous_3184)
FN:2,(anonymous_3185)
FN:2,(anonymous_3186)
FN:2,(anonymous_3187)
FN:2,(anonymous_3188)
FN:2,(anonymous_3189)
FN:2,(anonymous_3190)
FN:2,(anonymous_3191)
FN:2,(anonymous_3192)
FN:2,(anonymous_3193)
FN:2,(anonymous_3194)
FN:2,(anonymous_3195)
FN:2,o
FN:2,(anonymous_3197)
FN:2,(anonymous_3198)
FN:2,i
FN:2,(anonymous_3200)
FN:2,(anonymous_3201)
FN:2,(anonymous_3202)
FN:2,a
FN:2,(anonymous_3204)
FN:2,(anonymous_3205)
FN:2,(anonymous_3206)
FN:2,(anonymous_3207)
FN:2,(anonymous_3208)
FN:2,(anonymous_3209)
FN:2,(anonymous_3210)
FN:2,(anonymous_3211)
FN:2,(anonymous_3212)
FN:2,(anonymous_3213)
FN:2,(anonymous_3214)
FN:2,l
FN:2,(anonymous_3216)
FN:2,(anonymous_3217)
FN:2,(anonymous_3218)
FN:2,(anonymous_3219)
FN:2,(anonymous_3220)
FN:2,(anonymous_3221)
FN:2,(anonymous_3222)
FN:2,(anonymous_3223)
FN:2,(anonymous_3224)
FN:2,(anonymous_3225)
FN:2,(anonymous_3226)
FN:2,(anonymous_3227)
FN:2,(anonymous_3228)
FN:2,(anonymous_3229)
FN:2,(anonymous_3230)
FN:2,(anonymous_3231)
FN:2,(anonymous_3232)
FN:2,(anonymous_3233)
FN:2,(anonymous_3234)
FN:2,(anonymous_3235)
FN:2,(anonymous_3236)
FN:2,(anonymous_3237)
FN:2,(anonymous_3238)
FN:2,(anonymous_3239)
FN:2,o
FN:2,(anonymous_3241)
FN:2,(anonymous_3242)
FN:2,i
FN:2,(anonymous_3244)
FN:2,(anonymous_3245)
FN:2,(anonymous_3246)
FN:2,l
FN:2,(anonymous_3248)
FN:2,s
FN:2,(anonymous_3250)
FN:2,(anonymous_3251)
FN:2,(anonymous_3252)
FN:2,u
FN:2,(anonymous_3254)
FN:2,t
FN:2,(anonymous_3256)
FN:2,(anonymous_3257)
FN:2,(anonymous_3258)
FN:2,(anonymous_3259)
FN:2,(anonymous_3260)
FN:2,(anonymous_3261)
FN:2,(anonymous_3262)
FN:2,(anonymous_3263)
FN:2,(anonymous_3264)
FN:2,(anonymous_3265)
FN:2,(anonymous_3266)
FN:2,(anonymous_3267)
FN:2,(anonymous_3268)
FN:2,(anonymous_3269)
FN:2,o
FN:2,(anonymous_3271)
FN:2,(anonymous_3272)
FN:2,(anonymous_3273)
FN:2,i
FN:2,(anonymous_3275)
FN:2,v
FN:2,(anonymous_3277)
FN:2,(anonymous_3278)
FN:2,(anonymous_3279)
FN:2,(anonymous_3280)
FN:2,(anonymous_3281)
FN:2,(anonymous_3282)
FN:2,(anonymous_3283)
FN:2,(anonymous_3284)
FN:2,(anonymous_3285)
FN:2,(anonymous_3286)
FN:2,(anonymous_3287)
FN:2,(anonymous_3288)
FN:2,(anonymous_3289)
FN:2,(anonymous_3290)
FN:2,(anonymous_3291)
FN:2,(anonymous_3292)
FN:2,(anonymous_3293)
FN:2,(anonymous_3294)
FN:2,(anonymous_3295)
FN:2,(anonymous_3296)
FN:2,(anonymous_3297)
FN:2,(anonymous_3298)
FN:2,(anonymous_3299)
FN:2,(anonymous_3300)
FN:2,(anonymous_3301)
FN:2,o
FN:2,(anonymous_3303)
FN:2,(anonymous_3304)
FN:2,f
FN:2,(anonymous_3306)
FN:2,(anonymous_3307)
FN:2,(anonymous_3308)
FN:2,l
FN:2,p
FN:2,(anonymous_3311)
FN:2,(anonymous_3312)
FN:2,n
FN:2,s
FN:2,m
FN:2,(anonymous_3316)
FN:2,(anonymous_3317)
FN:2,(anonymous_3318)
FN:2,d
FN:2,e
FN:2,(anonymous_3321)
FN:2,(anonymous_3322)
FN:2,(anonymous_3323)
FN:2,(anonymous_3324)
FN:2,(anonymous_3325)
FN:2,(anonymous_3326)
FN:2,(anonymous_3327)
FN:2,h
FN:2,e
FN:2,(anonymous_3330)
FN:2,(anonymous_3331)
FN:2,(anonymous_3332)
FN:2,(anonymous_3333)
FN:2,(anonymous_3334)
FN:2,(anonymous_3335)
FN:2,(anonymous_3336)
FN:2,(anonymous_3337)
FN:2,e
FN:2,(anonymous_3339)
FN:2,(anonymous_3340)
FN:2,(anonymous_3341)
FN:2,(anonymous_3342)
FN:2,(anonymous_3343)
FN:2,(anonymous_3344)
FN:2,o
FN:2,(anonymous_3346)
FN:2,(anonymous_3347)
FN:2,i
FN:2,(anonymous_3349)
FN:2,(anonymous_3350)
FN:2,(anonymous_3351)
FN:2,a
FN:2,(anonymous_3353)
FN:2,(anonymous_3354)
FN:2,n
FN:2,(anonymous_3356)
FN:2,(anonymous_3357)
FN:2,(anonymous_3358)
FN:2,(anonymous_3359)
FN:2,(anonymous_3360)
FN:2,(anonymous_3361)
FN:2,(anonymous_3362)
FN:2,(anonymous_3363)
FN:2,(anonymous_3364)
FN:2,(anonymous_3365)
FN:2,(anonymous_3366)
FN:2,(anonymous_3367)
FN:2,(anonymous_3368)
FN:2,(anonymous_3369)
FN:2,(anonymous_3370)
FN:2,(anonymous_3371)
FN:2,(anonymous_3372)
FN:2,(anonymous_3373)
FN:2,n
FN:2,(anonymous_3375)
FN:2,(anonymous_3376)
FN:2,(anonymous_3377)
FN:2,(anonymous_3378)
FN:2,(anonymous_3379)
FN:2,(anonymous_3380)
FN:2,(anonymous_3381)
FN:2,t
FN:2,(anonymous_3383)
FN:2,(anonymous_3384)
FN:2,(anonymous_3385)
FN:2,(anonymous_3386)
FN:2,(anonymous_3387)
FN:2,(anonymous_3388)
FN:2,(anonymous_3389)
FN:2,(anonymous_3390)
FN:2,(anonymous_3391)
FN:2,(anonymous_3392)
FN:2,(anonymous_3393)
FN:2,(anonymous_3394)
FN:2,(anonymous_3395)
FN:2,(anonymous_3396)
FN:2,(anonymous_3397)
FN:2,(anonymous_3398)
FN:2,(anonymous_3399)
FN:2,(anonymous_3400)
FN:2,(anonymous_3401)
FN:2,(anonymous_3402)
FN:2,(anonymous_3403)
FN:2,(anonymous_3404)
FN:2,n
FN:2,(anonymous_3406)
FN:2,o
FN:2,(anonymous_3408)
FN:2,(anonymous_3409)
FN:2,(anonymous_3410)
FN:2,(anonymous_3411)
FN:2,(anonymous_3412)
FN:2,(anonymous_3413)
FN:2,(anonymous_3414)
FN:2,(anonymous_3415)
FN:2,(anonymous_3416)
FN:2,o
FN:2,(anonymous_3418)
FN:2,(anonymous_3419)
FN:2,i
FN:2,(anonymous_3421)
FN:2,(anonymous_3422)
FN:2,(anonymous_3423)
FN:2,l
FN:2,(anonymous_3425)
FN:2,u
FN:2,(anonymous_3427)
FN:2,(anonymous_3428)
FN:2,(anonymous_3429)
FN:2,c
FN:2,d
FN:2,s
FN:2,h
FN:2,m
FN:2,(anonymous_3435)
FN:2,(anonymous_3436)
FN:2,y
FN:2,(anonymous_3438)
FN:2,g
FN:2,(anonymous_3440)
FN:2,(anonymous_3441)
FN:2,(anonymous_3442)
FN:2,v
FN:2,(anonymous_3444)
FN:2,(anonymous_3445)
FN:2,o
FN:2,(anonymous_3447)
FN:2,(anonymous_3448)
FN:2,r
FN:2,(anonymous_3450)
FN:2,(anonymous_3451)
FN:2,(anonymous_3452)
FN:2,(anonymous_3453)
FN:2,s
FN:2,(anonymous_3455)
FN:2,(anonymous_3456)
FN:2,(anonymous_3457)
FN:2,(anonymous_3458)
FN:2,(anonymous_3459)
FN:2,(anonymous_3460)
FN:2,(anonymous_3461)
FN:2,(anonymous_3462)
FN:2,(anonymous_3463)
FN:2,(anonymous_3464)
FN:2,(anonymous_3465)
FN:2,(anonymous_3466)
FN:2,(anonymous_3467)
FN:2,(anonymous_3468)
FN:2,(anonymous_3469)
FN:2,(anonymous_3470)
FN:2,(anonymous_3471)
FN:2,(anonymous_3472)
FN:2,(anonymous_3473)
FN:2,(anonymous_3474)
FN:2,(anonymous_3475)
FN:2,(anonymous_3476)
FN:2,(anonymous_3477)
FN:2,(anonymous_3478)
FN:2,o
FN:2,(anonymous_3480)
FN:2,(anonymous_3481)
FN:2,i
FN:2,(anonymous_3483)
FN:2,(anonymous_3484)
FN:2,(anonymous_3485)
FN:2,a
FN:2,(anonymous_3487)
FN:2,c
FN:2,(anonymous_3489)
FN:2,(anonymous_3490)
FN:2,(anonymous_3491)
FN:2,n
FN:2,(anonymous_3493)
FN:2,o
FN:2,(anonymous_3495)
FN:2,(anonymous_3496)
FN:2,(anonymous_3497)
FN:2,(anonymous_3498)
FN:2,(anonymous_3499)
FN:2,(anonymous_3500)
FN:2,(anonymous_3501)
FN:2,(anonymous_3502)
FN:2,(anonymous_3503)
FN:2,(anonymous_3504)
FN:2,(anonymous_3505)
FN:2,(anonymous_3506)
FN:2,(anonymous_3507)
FN:2,(anonymous_3508)
FN:2,(anonymous_3509)
FN:2,(anonymous_3510)
FN:2,(anonymous_3511)
FN:2,(anonymous_3512)
FN:2,(anonymous_3513)
FN:2,(anonymous_3514)
FN:2,(anonymous_3515)
FN:2,(anonymous_3516)
FN:2,(anonymous_3517)
FN:2,(anonymous_3518)
FN:2,(anonymous_3519)
FN:2,(anonymous_3520)
FN:2,n
FN:2,(anonymous_3522)
FN:2,(anonymous_3523)
FN:2,(anonymous_3524)
FN:2,r
FN:2,(anonymous_3526)
FN:2,(anonymous_3527)
FN:2,(anonymous_3528)
FN:2,(anonymous_3529)
FN:2,(anonymous_3530)
FN:2,(anonymous_3531)
FN:2,(anonymous_3532)
FN:2,(anonymous_3533)
FN:2,(anonymous_3534)
FN:2,(anonymous_3535)
FN:2,(anonymous_3536)
FN:2,(anonymous_3537)
FN:2,(anonymous_3538)
FN:2,(anonymous_3539)
FN:2,(anonymous_3540)
FN:2,(anonymous_3541)
FN:2,(anonymous_3542)
FN:2,(anonymous_3543)
FN:2,(anonymous_3544)
FN:2,(anonymous_3545)
FN:2,(anonymous_3546)
FN:2,(anonymous_3547)
FN:2,(anonymous_3548)
FN:2,(anonymous_3549)
FN:2,(anonymous_3550)
FN:2,(anonymous_3551)
FN:2,(anonymous_3552)
FN:2,(anonymous_3553)
FN:2,(anonymous_3554)
FN:2,(anonymous_3555)
FN:2,(anonymous_3556)
FN:2,o
FN:2,(anonymous_3558)
FN:2,i
FN:2,(anonymous_3560)
FN:2,(anonymous_3561)
FN:2,o
FN:2,(anonymous_3563)
FN:2,(anonymous_3564)
FN:2,i
FN:2,(anonymous_3566)
FN:2,(anonymous_3567)
FN:2,(anonymous_3568)
FN:2,a
FN:2,(anonymous_3570)
FN:2,f
FN:2,(anonymous_3572)
FN:2,(anonymous_3573)
FN:2,(anonymous_3574)
FN:2,(anonymous_3575)
FN:2,(anonymous_3576)
FN:2,(anonymous_3577)
FN:2,(anonymous_3578)
FN:2,(anonymous_3579)
FN:2,(anonymous_3580)
FN:2,(anonymous_3581)
FN:2,(anonymous_3582)
FN:2,(anonymous_3583)
FN:2,(anonymous_3584)
FN:2,(anonymous_3585)
FN:2,(anonymous_3586)
FN:2,(anonymous_3587)
FN:2,(anonymous_3588)
FN:2,o
FN:2,(anonymous_3590)
FN:2,(anonymous_3591)
FN:2,i
FN:2,(anonymous_3593)
FN:2,(anonymous_3594)
FN:2,(anonymous_3595)
FN:2,l
FN:2,(anonymous_3597)
FN:2,(anonymous_3598)
FN:2,(anonymous_3599)
FN:2,(anonymous_3600)
FN:2,t
FN:2,(anonymous_3602)
FN:2,(anonymous_3603)
FN:2,(anonymous_3604)
FN:2,(anonymous_3605)
FN:2,(anonymous_3606)
FN:2,(anonymous_3607)
FN:2,(anonymous_3608)
FN:2,(anonymous_3609)
FN:2,o
FN:2,(anonymous_3611)
FN:2,(anonymous_3612)
FN:2,i
FN:2,(anonymous_3614)
FN:2,(anonymous_3615)
FN:2,(anonymous_3616)
FN:2,d
FN:2,(anonymous_3618)
FN:2,n
FN:2,h
FN:2,(anonymous_3621)
FN:2,(anonymous_3622)
FN:2,(anonymous_3623)
FN:2,f
FN:2,p
FN:2,(anonymous_3626)
FN:2,(anonymous_3627)
FN:2,m
FN:2,(anonymous_3629)
FN:2,y
FN:2,(anonymous_3631)
FN:2,(anonymous_3632)
FN:2,(anonymous_3633)
FN:2,v
FN:2,b
FN:2,(anonymous_3636)
FN:2,_
FN:2,s
FN:2,j
FN:2,C
FN:2,O
FN:2,(anonymous_3642)
FN:2,(anonymous_3643)
FN:2,s
FN:2,(anonymous_3645)
FN:2,(anonymous_3646)
FN:2,(anonymous_3647)
FN:2,(anonymous_3648)
FN:2,(anonymous_3649)
FN:2,(anonymous_3650)
FN:2,(anonymous_3651)
FN:2,(anonymous_3652)
FN:2,(anonymous_3653)
FN:2,(anonymous_3654)
FN:2,(anonymous_3655)
FN:2,(anonymous_3656)
FN:2,(anonymous_3657)
FN:2,(anonymous_3658)
FN:2,(anonymous_3659)
FN:2,(anonymous_3660)
FN:2,(anonymous_3661)
FN:2,(anonymous_3662)
FN:2,(anonymous_3663)
FN:2,(anonymous_3664)
FN:2,(anonymous_3665)
FN:2,(anonymous_3666)
FN:2,(anonymous_3667)
FN:2,(anonymous_3668)
FN:2,(anonymous_3669)
FN:2,(anonymous_3670)
FN:2,(anonymous_3671)
FN:2,(anonymous_3672)
FN:2,(anonymous_3673)
FN:2,(anonymous_3674)
FN:2,(anonymous_3675)
FN:2,(anonymous_3676)
FN:2,(anonymous_3677)
FN:2,(anonymous_3678)
FN:2,(anonymous_3679)
FN:2,(anonymous_3680)
FN:2,(anonymous_3681)
FN:2,(anonymous_3682)
FN:2,(anonymous_3683)
FN:2,(anonymous_3684)
FN:2,(anonymous_3685)
FN:2,(anonymous_3686)
FN:2,(anonymous_3687)
FN:2,(anonymous_3688)
FN:2,(anonymous_3689)
FN:2,(anonymous_3690)
FN:2,(anonymous_3691)
FN:2,(anonymous_3692)
FN:2,(anonymous_3693)
FN:2,(anonymous_3694)
FN:2,(anonymous_3695)
FN:2,(anonymous_3696)
FN:2,(anonymous_3697)
FN:2,(anonymous_3698)
FN:2,(anonymous_3699)
FN:2,(anonymous_3700)
FN:2,(anonymous_3701)
FN:2,(anonymous_3702)
FN:2,(anonymous_3703)
FN:2,(anonymous_3704)
FN:2,(anonymous_3705)
FN:2,(anonymous_3706)
FN:2,(anonymous_3707)
FN:2,(anonymous_3708)
FN:2,(anonymous_3709)
FN:2,(anonymous_3710)
FN:2,(anonymous_3711)
FN:2,(anonymous_3712)
FN:2,(anonymous_3713)
FN:2,(anonymous_3714)
FN:2,(anonymous_3715)
FN:2,(anonymous_3716)
FN:2,(anonymous_3717)
FN:2,(anonymous_3718)
FN:2,(anonymous_3719)
FN:2,(anonymous_3720)
FN:2,(anonymous_3721)
FN:2,(anonymous_3722)
FN:2,(anonymous_3723)
FN:2,(anonymous_3724)
FN:2,(anonymous_3725)
FN:2,(anonymous_3726)
FN:2,(anonymous_3727)
FN:2,(anonymous_3728)
FN:2,(anonymous_3729)
FN:2,(anonymous_3730)
FN:2,(anonymous_3731)
FN:2,(anonymous_3732)
FN:2,(anonymous_3733)
FN:2,(anonymous_3734)
FN:2,(anonymous_3735)
FN:2,(anonymous_3736)
FN:2,(anonymous_3737)
FN:2,(anonymous_3738)
FN:2,(anonymous_3739)
FN:2,(anonymous_3740)
FN:2,(anonymous_3741)
FN:2,(anonymous_3742)
FN:2,(anonymous_3743)
FN:2,(anonymous_3744)
FN:2,(anonymous_3745)
FN:2,(anonymous_3746)
FN:2,n
FN:2,(anonymous_3748)
FN:2,o
FN:2,(anonymous_3750)
FN:2,(anonymous_3751)
FN:2,(anonymous_3752)
FN:2,(anonymous_3753)
FN:2,(anonymous_3754)
FN:2,(anonymous_3755)
FN:2,(anonymous_3756)
FN:2,(anonymous_3757)
FN:2,(anonymous_3758)
FN:2,(anonymous_3759)
FN:2,(anonymous_3760)
FN:2,(anonymous_3761)
FN:2,(anonymous_3762)
FN:2,(anonymous_3763)
FN:2,(anonymous_3764)
FN:2,(anonymous_3765)
FN:2,(anonymous_3766)
FN:2,(anonymous_3767)
FN:2,(anonymous_3768)
FN:2,(anonymous_3769)
FN:2,(anonymous_3770)
FN:2,(anonymous_3771)
FN:2,(anonymous_3772)
FN:2,(anonymous_3773)
FN:2,(anonymous_3774)
FN:2,(anonymous_3775)
FN:2,o
FN:2,(anonymous_3777)
FN:2,(anonymous_3778)
FN:2,i
FN:2,(anonymous_3780)
FN:2,(anonymous_3781)
FN:2,(anonymous_3782)
FN:2,l
FN:2,(anonymous_3784)
FN:2,u
FN:2,(anonymous_3786)
FN:2,c
FN:2,(anonymous_3788)
FN:2,(anonymous_3789)
FN:2,(anonymous_3790)
FN:2,n
FN:2,(anonymous_3792)
FN:2,d
FN:2,h
FN:2,f
FN:2,(anonymous_3796)
FN:2,n
FN:2,(anonymous_3798)
FN:2,(anonymous_3799)
FN:2,(anonymous_3800)
FN:2,(anonymous_3801)
FN:2,(anonymous_3802)
FN:2,(anonymous_3803)
FN:2,(anonymous_3804)
FN:2,(anonymous_3805)
FN:2,(anonymous_3806)
FN:2,r
FN:2,(anonymous_3808)
FN:2,n
FN:2,(anonymous_3810)
FN:2,(anonymous_3811)
FN:2,(anonymous_3812)
FN:2,(anonymous_3813)
FN:2,m
FN:2,(anonymous_3815)
FN:2,o
FN:2,(anonymous_3817)
FN:2,(anonymous_3818)
FN:2,i
FN:2,(anonymous_3820)
FN:2,(anonymous_3821)
FN:2,(anonymous_3822)
FN:2,a
FN:2,(anonymous_3824)
FN:2,G
FN:2,s
FN:2,V
FN:2,(anonymous_3828)
FN:2,(anonymous_3829)
FN:2,(anonymous_3830)
FN:2,r
FN:2,(anonymous_3832)
FN:2,z
FN:2,(anonymous_3834)
FN:2,t
FN:2,(anonymous_3836)
FN:2,(anonymous_3837)
FN:2,n
FN:2,(anonymous_3839)
FN:2,(anonymous_3840)
FN:2,(anonymous_3841)
FN:2,(anonymous_3842)
FN:2,(anonymous_3843)
FN:2,L
FN:2,n
FN:2,R
FN:2,I
FN:2,U
FN:2,N
FN:2,(anonymous_3850)
FN:2,(anonymous_3851)
FNF:3852
FNH:0
FNDA:0,(anonymous_0)
FNDA:0,(anonymous_1)
FNDA:0,o
FNDA:0,a
FNDA:0,(anonymous_4)
FNDA:0,(anonymous_5)
FNDA:0,(anonymous_6)
FNDA:0,(anonymous_7)
FNDA:0,(anonymous_8)
FNDA:0,(anonymous_9)
FNDA:0,(anonymous_10)
FNDA:0,(anonymous_11)
FNDA:0,c
FNDA:0,(anonymous_13)
FNDA:0,(anonymous_14)
FNDA:0,(anonymous_15)
FNDA:0,(anonymous_16)
FNDA:0,(anonymous_17)
FNDA:0,l
FNDA:0,d
FNDA:0,o
FNDA:0,(anonymous_21)
FNDA:0,n
FNDA:0,i
FNDA:0,u
FNDA:0,c
FNDA:0,h
FNDA:0,r
FNDA:0,a
FNDA:0,f
FNDA:0,p
FNDA:0,l
FNDA:0,y
FNDA:0,(anonymous_33)
FNDA:0,g
FNDA:0,(anonymous_35)
FNDA:0,T
FNDA:0,(anonymous_37)
FNDA:0,(anonymous_38)
FNDA:0,(anonymous_39)
FNDA:0,(anonymous_40)
FNDA:0,(anonymous_41)
FNDA:0,(anonymous_42)
FNDA:0,(anonymous_43)
FNDA:0,(anonymous_44)
FNDA:0,(anonymous_45)
FNDA:0,(anonymous_46)
FNDA:0,(anonymous_47)
FNDA:0,(anonymous_48)
FNDA:0,(anonymous_49)
FNDA:0,(anonymous_50)
FNDA:0,(anonymous_51)
FNDA:0,(anonymous_52)
FNDA:0,(anonymous_53)
FNDA:0,(anonymous_54)
FNDA:0,(anonymous_55)
FNDA:0,(anonymous_56)
FNDA:0,(anonymous_57)
FNDA:0,m
FNDA:0,b
FNDA:0,_
FNDA:0,j
FNDA:0,x
FNDA:0,(anonymous_63)
FNDA:0,(anonymous_64)
FNDA:0,(anonymous_65)
FNDA:0,(anonymous_66)
FNDA:0,(anonymous_67)
FNDA:0,(anonymous_68)
FNDA:0,(anonymous_69)
FNDA:0,(anonymous_70)
FNDA:0,(anonymous_71)
FNDA:0,(anonymous_72)
FNDA:0,(anonymous_73)
FNDA:0,(anonymous_74)
FNDA:0,(anonymous_75)
FNDA:0,(anonymous_76)
FNDA:0,(anonymous_77)
FNDA:0,(anonymous_78)
FNDA:0,(anonymous_79)
FNDA:0,(anonymous_80)
FNDA:0,(anonymous_81)
FNDA:0,(anonymous_82)
FNDA:0,(anonymous_83)
FNDA:0,(anonymous_84)
FNDA:0,(anonymous_85)
FNDA:0,(anonymous_86)
FNDA:0,(anonymous_87)
FNDA:0,(anonymous_88)
FNDA:0,(anonymous_89)
FNDA:0,(anonymous_90)
FNDA:0,(anonymous_91)
FNDA:0,(anonymous_92)
FNDA:0,(anonymous_93)
FNDA:0,(anonymous_94)
FNDA:0,(anonymous_95)
FNDA:0,(anonymous_96)
FNDA:0,(anonymous_97)
FNDA:0,(anonymous_98)
FNDA:0,(anonymous_99)
FNDA:0,(anonymous_100)
FNDA:0,(anonymous_101)
FNDA:0,E
FNDA:0,M
FNDA:0,(anonymous_104)
FNDA:0,k
FNDA:0,C
FNDA:0,O
FNDA:0,(anonymous_108)
FNDA:0,(anonymous_109)
FNDA:0,(anonymous_110)
FNDA:0,(anonymous_111)
FNDA:0,(anonymous_112)
FNDA:0,(anonymous_113)
FNDA:0,(anonymous_114)
FNDA:0,(anonymous_115)
FNDA:0,(anonymous_116)
FNDA:0,(anonymous_117)
FNDA:0,(anonymous_118)
FNDA:0,(anonymous_119)
FNDA:0,(anonymous_120)
FNDA:0,(anonymous_121)
FNDA:0,(anonymous_122)
FNDA:0,o
FNDA:0,(anonymous_124)
FNDA:0,(anonymous_125)
FNDA:0,(anonymous_126)
FNDA:0,(anonymous_127)
FNDA:0,(anonymous_128)
FNDA:0,(anonymous_129)
FNDA:0,(anonymous_130)
FNDA:0,(anonymous_131)
FNDA:0,r
FNDA:0,o
FNDA:0,n
FNDA:0,s
FNDA:0,i
FNDA:0,F
FNDA:0,a
FNDA:0,(anonymous_139)
FNDA:0,l
FNDA:0,u
FNDA:0,(anonymous_142)
FNDA:0,(anonymous_143)
FNDA:0,(anonymous_144)
FNDA:0,(anonymous_145)
FNDA:0,(anonymous_146)
FNDA:0,(anonymous_147)
FNDA:0,(anonymous_148)
FNDA:0,(anonymous_149)
FNDA:0,(anonymous_150)
FNDA:0,(anonymous_151)
FNDA:0,(anonymous_152)
FNDA:0,(anonymous_153)
FNDA:0,(anonymous_154)
FNDA:0,(anonymous_155)
FNDA:0,(anonymous_156)
FNDA:0,(anonymous_157)
FNDA:0,(anonymous_158)
FNDA:0,(anonymous_159)
FNDA:0,(anonymous_160)
FNDA:0,(anonymous_161)
FNDA:0,(anonymous_162)
FNDA:0,(anonymous_163)
FNDA:0,(anonymous_164)
FNDA:0,(anonymous_165)
FNDA:0,(anonymous_166)
FNDA:0,(anonymous_167)
FNDA:0,(anonymous_168)
FNDA:0,(anonymous_169)
FNDA:0,(anonymous_170)
FNDA:0,(anonymous_171)
FNDA:0,(anonymous_172)
FNDA:0,(anonymous_173)
FNDA:0,(anonymous_174)
FNDA:0,o
FNDA:0,(anonymous_176)
FNDA:0,(anonymous_177)
FNDA:0,o
FNDA:0,(anonymous_179)
FNDA:0,(anonymous_180)
FNDA:0,(anonymous_181)
FNDA:0,(anonymous_182)
FNDA:0,(anonymous_183)
FNDA:0,(anonymous_184)
FNDA:0,(anonymous_185)
FNDA:0,(anonymous_186)
FNDA:0,(anonymous_187)
FNDA:0,(anonymous_188)
FNDA:0,(anonymous_189)
FNDA:0,(anonymous_190)
FNDA:0,i
FNDA:0,(anonymous_192)
FNDA:0,(anonymous_193)
FNDA:0,(anonymous_194)
FNDA:0,o
FNDA:0,(anonymous_196)
FNDA:0,(anonymous_197)
FNDA:0,(anonymous_198)
FNDA:0,(anonymous_199)
FNDA:0,(anonymous_200)
FNDA:0,(anonymous_201)
FNDA:0,(anonymous_202)
FNDA:0,(anonymous_203)
FNDA:0,(anonymous_204)
FNDA:0,(anonymous_205)
FNDA:0,(anonymous_206)
FNDA:0,(anonymous_207)
FNDA:0,(anonymous_208)
FNDA:0,(anonymous_209)
FNDA:0,(anonymous_210)
FNDA:0,(anonymous_211)
FNDA:0,(anonymous_212)
FNDA:0,(anonymous_213)
FNDA:0,(anonymous_214)
FNDA:0,(anonymous_215)
FNDA:0,(anonymous_216)
FNDA:0,s
FNDA:0,i
FNDA:0,(anonymous_219)
FNDA:0,(anonymous_220)
FNDA:0,(anonymous_221)
FNDA:0,(anonymous_222)
FNDA:0,(anonymous_223)
FNDA:0,(anonymous_224)
FNDA:0,(anonymous_225)
FNDA:0,(anonymous_226)
FNDA:0,(anonymous_227)
FNDA:0,(anonymous_228)
FNDA:0,(anonymous_229)
FNDA:0,(anonymous_230)
FNDA:0,(anonymous_231)
FNDA:0,l
FNDA:0,o
FNDA:0,n
FNDA:0,(anonymous_235)
FNDA:0,(anonymous_236)
FNDA:0,(anonymous_237)
FNDA:0,(anonymous_238)
FNDA:0,(anonymous_239)
FNDA:0,(anonymous_240)
FNDA:0,(anonymous_241)
FNDA:0,s
FNDA:0,(anonymous_243)
FNDA:0,(anonymous_244)
FNDA:0,(anonymous_245)
FNDA:0,(anonymous_246)
FNDA:0,(anonymous_247)
FNDA:0,(anonymous_248)
FNDA:0,(anonymous_249)
FNDA:0,(anonymous_250)
FNDA:0,o
FNDA:0,(anonymous_252)
FNDA:0,(anonymous_253)
FNDA:0,(anonymous_254)
FNDA:0,(anonymous_255)
FNDA:0,(anonymous_256)
FNDA:0,(anonymous_257)
FNDA:0,(anonymous_258)
FNDA:0,(anonymous_259)
FNDA:0,(anonymous_260)
FNDA:0,(anonymous_261)
FNDA:0,(anonymous_262)
FNDA:0,(anonymous_263)
FNDA:0,(anonymous_264)
FNDA:0,(anonymous_265)
FNDA:0,(anonymous_266)
FNDA:0,(anonymous_267)
FNDA:0,e
FNDA:0,(anonymous_269)
FNDA:0,(anonymous_270)
FNDA:0,(anonymous_271)
FNDA:0,o
FNDA:0,(anonymous_273)
FNDA:0,(anonymous_274)
FNDA:0,(anonymous_275)
FNDA:0,(anonymous_276)
FNDA:0,(anonymous_277)
FNDA:0,(anonymous_278)
FNDA:0,(anonymous_279)
FNDA:0,(anonymous_280)
FNDA:0,(anonymous_281)
FNDA:0,m
FNDA:0,(anonymous_283)
FNDA:0,a
[...]
BRDA:2,7039,0,0
BRDA:2,7039,1,0
BRDA:2,7040,0,0
BRDA:2,7040,1,0
BRDA:2,7041,0,0
BRDA:2,7041,1,0
BRDA:2,7042,0,0
BRDA:2,7042,1,0
BRDA:2,7042,2,0
BRDA:2,7043,0,0
BRDA:2,7043,1,0
BRDA:2,7044,0,0
BRDA:2,7044,1,0
BRDA:2,7045,0,0
BRDA:2,7045,1,0
BRDA:2,7046,0,0
BRDA:2,7046,1,0
BRDA:2,7047,0,0
BRDA:2,7047,1,0
BRDA:2,7047,2,0
BRDA:2,7047,3,0
BRDA:2,7048,0,0
BRDA:2,7048,1,0
BRDA:2,7049,0,0
BRDA:2,7049,1,0
BRDA:2,7050,0,0
BRDA:2,7050,1,0
BRDA:2,7051,0,0
BRDA:2,7051,1,0
BRDA:2,7051,2,0
BRDA:2,7051,3,0
BRDA:2,7052,0,0
BRDA:2,7052,1,0
BRDA:2,7053,0,0
BRDA:2,7053,1,0
BRDA:2,7054,0,0
BRDA:2,7054,1,0
BRDA:2,7055,0,0
BRDA:2,7055,1,0
BRDA:2,7055,2,0
BRDA:2,7056,0,0
BRDA:2,7056,1,0
BRDA:2,7057,0,0
BRDA:2,7057,1,0
BRDA:2,7058,0,0
BRDA:2,7058,1,0
BRDA:2,7059,0,0
BRDA:2,7059,1,0
BRDA:2,7060,0,0
BRDA:2,7060,1,0
BRDA:2,7061,0,0
BRDA:2,7061,1,0
BRDA:2,7061,2,0
BRDA:2,7062,0,0
BRDA:2,7062,1,0
BRDA:2,7063,0,0
BRDA:2,7063,1,0
BRDA:2,7064,0,0
BRDA:2,7064,1,0
BRDA:2,7065,0,0
BRDA:2,7065,1,0
BRDA:2,7066,0,0
BRDA:2,7066,1,0
BRDA:2,7067,0,0
BRDA:2,7067,1,0
BRDA:2,7067,2,0
BRDA:2,7068,0,0
BRDA:2,7068,1,0
BRDA:2,7069,0,0
BRDA:2,7069,1,0
BRDA:2,7070,0,0
BRDA:2,7070,1,0
BRDA:2,7071,0,0
BRDA:2,7071,1,0
BRDA:2,7072,0,0
BRDA:2,7072,1,0
BRDA:2,7073,0,0
BRDA:2,7073,1,0
BRDA:2,7074,0,0
BRDA:2,7074,1,0
BRDA:2,7075,0,0
BRDA:2,7075,1,0
BRDA:2,7076,0,0
BRDA:2,7076,1,0
BRDA:2,7077,0,0
BRDA:2,7077,1,0
BRDA:2,7078,0,0
BRDA:2,7078,1,0
BRDA:2,7079,0,0
BRDA:2,7079,1,0
BRDA:2,7080,0,0
BRDA:2,7080,1,0
BRDA:2,7081,0,0
BRDA:2,7081,1,0
BRDA:2,7082,0,0
BRDA:2,7082,1,0
BRDA:2,7082,2,0
BRDA:2,7083,0,0
BRDA:2,7083,1,0
BRDA:2,7084,0,0
BRDA:2,7084,1,0
BRDA:2,7085,0,0
BRDA:2,7085,1,0
BRDA:2,7085,2,0
BRDA:2,7086,0,0
BRDA:2,7086,1,0
BRDA:2,7087,0,0
BRDA:2,7087,1,0
BRDA:2,7088,0,0
BRDA:2,7088,1,0
BRDA:2,7089,0,0
BRDA:2,7089,1,0
BRDA:2,7090,0,0
BRDA:2,7090,1,0
BRDA:2,7091,0,0
BRDA:2,7091,1,0
BRDA:2,7092,0,0
BRDA:2,7092,1,0
BRDA:2,7093,0,0
BRDA:2,7093,1,0
BRDA:2,7093,2,0
BRDA:2,7094,0,0
BRDA:2,7094,1,0
BRDA:2,7095,0,0
BRDA:2,7095,1,0
BRDA:2,7096,0,0
BRDA:2,7096,1,0
BRDA:2,7097,0,0
BRDA:2,7097,1,0
BRDA:2,7098,0,0
BRDA:2,7098,1,0
BRDA:2,7099,0,0
BRDA:2,7099,1,0
BRDA:2,7100,0,0
BRDA:2,7100,1,0
BRDA:2,7101,0,0
BRDA:2,7101,1,0
BRDA:2,7102,0,0
BRDA:2,7102,1,0
BRDA:2,7103,0,0
BRDA:2,7103,1,0
BRDA:2,7103,2,0
BRDA:2,7104,0,0
BRDA:2,7104,1,0
BRDA:2,7105,0,0
BRDA:2,7105,1,0
BRDA:2,7106,0,0
BRDA:2,7106,1,0
BRDA:2,7107,0,0
BRDA:2,7107,1,0
BRDA:2,7108,0,0
BRDA:2,7108,1,0
BRDA:2,7109,0,0
BRDA:2,7109,1,0
BRDA:2,7110,0,0
BRDA:2,7110,1,0
BRDA:2,7111,0,0
BRDA:2,7111,1,0
BRDA:2,7112,0,0
BRDA:2,7112,1,0
BRDA:2,7113,0,0
BRDA:2,7113,1,0
BRDA:2,7114,0,0
BRDA:2,7114,1,0
BRDA:2,7115,0,0
BRDA:2,7115,1,0
BRDA:2,7116,0,0
BRDA:2,7116,1,0
BRDA:2,7117,0,0
BRDA:2,7117,1,0
BRDA:2,7118,0,0
BRDA:2,7118,1,0
BRDA:2,7119,0,0
BRDA:2,7119,1,0
BRDA:2,7120,0,0
BRDA:2,7120,1,0
BRDA:2,7121,0,0
BRDA:2,7121,1,0
BRDA:2,7122,0,0
BRDA:2,7122,1,0
BRDA:2,7123,0,0
BRDA:2,7123,1,0
BRDA:2,7124,0,0
BRDA:2,7124,1,0
BRDA:2,7124,2,0
BRDA:2,7125,0,0
BRDA:2,7125,1,0
BRDA:2,7126,0,0
BRDA:2,7126,1,0
BRDA:2,7127,0,0
BRDA:2,7127,1,0
BRDA:2,7128,0,0
BRDA:2,7128,1,0
BRDA:2,7129,0,0
BRDA:2,7129,1,0
BRDA:2,7130,0,0
BRDA:2,7130,1,0
BRDA:2,7131,0,0
BRDA:2,7131,1,0
BRDA:2,7132,0,0
BRDA:2,7132,1,0
BRDA:2,7133,0,0
BRDA:2,7133,1,0
BRDA:2,7133,2,0
BRDA:2,7134,0,0
BRDA:2,7134,1,0
BRDA:2,7135,0,0
BRDA:2,7135,1,0
BRDA:2,7136,0,0
BRDA:2,7136,1,0
BRDA:2,7137,0,0
BRDA:2,7137,1,0
BRDA:2,7138,0,0
BRDA:2,7138,1,0
BRDA:2,7139,0,0
BRDA:2,7139,1,0
BRDA:2,7140,0,0
BRDA:2,7140,1,0
BRDA:2,7141,0,0
BRDA:2,7141,1,0
BRDA:2,7142,0,0
BRDA:2,7142,1,0
BRDA:2,7143,0,0
BRDA:2,7143,1,0
BRDA:2,7144,0,0
BRDA:2,7144,1,0
BRDA:2,7145,0,0
BRDA:2,7145,1,0
BRDA:2,7146,0,0
BRDA:2,7146,1,0
BRDA:2,7147,0,0
BRDA:2,7147,1,0
BRDA:2,7148,0,0
BRDA:2,7148,1,0
BRDA:2,7148,2,0
BRDA:2,7148,3,0
BRDA:2,7148,4,0
BRDA:2,7148,5,0
BRDA:2,7148,6,0
BRDA:2,7148,7,0
BRDA:2,7148,8,0
BRDA:2,7148,9,0
BRDA:2,7149,0,0
BRDA:2,7149,1,0
BRDA:2,7149,2,0
BRDA:2,7149,3,0
BRDA:2,7149,4,0
BRDA:2,7149,5,0
BRDA:2,7150,0,0
BRDA:2,7150,1,0
BRDA:2,7151,0,0
BRDA:2,7151,1,0
BRDA:2,7152,0,0
BRDA:2,7152,1,0
BRDA:2,7153,0,0
BRDA:2,7153,1,0
BRDA:2,7154,0,0
BRDA:2,7154,1,0
BRDA:2,7155,0,0
BRDA:2,7155,1,0
BRDA:2,7156,0,0
BRDA:2,7156,1,0
BRDA:2,7157,0,0
BRDA:2,7157,1,0
BRDA:2,7158,0,0
BRDA:2,7158,1,0
BRDA:2,7159,0,0
BRDA:2,7159,1,0
BRDA:2,7160,0,0
BRDA:2,7160,1,0
BRDA:2,7161,0,0
BRDA:2,7161,1,0
BRDA:2,7162,0,0
BRDA:2,7162,1,0
BRDA:2,7163,0,0
BRDA:2,7163,1,0
BRDA:2,7163,2,0
BRDA:2,7164,0,0
BRDA:2,7164,1,0
BRDA:2,7165,0,0
BRDA:2,7165,1,0
BRDA:2,7166,0,0
BRDA:2,7166,1,0
BRDA:2,7167,0,0
BRDA:2,7167,1,0
BRDA:2,7168,0,0
BRDA:2,7168,1,0
BRDA:2,7169,0,0
BRDA:2,7169,1,0
BRDA:2,7170,0,0
BRDA:2,7170,1,0
BRDA:2,7171,0,0
BRDA:2,7171,1,0
BRDA:2,7172,0,0
BRDA:2,7172,1,0
BRDA:2,7173,0,0
BRDA:2,7173,1,0
BRDA:2,7173,2,0
BRDA:2,7173,3,0
BRDA:2,7173,4,0
BRDA:2,7174,0,0
BRDA:2,7174,1,0
BRDA:2,7175,0,0
BRDA:2,7175,1,0
BRDA:2,7176,0,0
BRDA:2,7176,1,0
BRDA:2,7177,0,0
BRDA:2,7177,1,0
BRDA:2,7178,0,0
BRDA:2,7178,1,0
BRDA:2,7179,0,0
BRDA:2,7179,1,0
BRDA:2,7179,2,0
BRDA:2,7180,0,0
BRDA:2,7180,1,0
BRDA:2,7181,0,0
BRDA:2,7181,1,0
BRDA:2,7182,0,0
BRDA:2,7182,1,0
BRDA:2,7183,0,0
BRDA:2,7183,1,0
BRDA:2,7184,0,0
BRDA:2,7184,1,0
BRDA:2,7185,0,0
BRDA:2,7185,1,0
BRDA:2,7186,0,0
BRDA:2,7186,1,0
BRDA:2,7186,2,0
BRDA:2,7187,0,0
BRDA:2,7187,1,0
BRDA:2,7188,0,0
BRDA:2,7188,1,0
BRDA:2,7189,0,0
BRDA:2,7189,1,0
BRDA:2,7190,0,0
BRDA:2,7190,1,0
BRDA:2,7191,0,0
BRDA:2,7191,1,0
BRDA:2,7192,0,0
BRDA:2,7192,1,0
BRDA:2,7193,0,0
BRDA:2,7193,1,0
BRDA:2,7194,0,0
BRDA:2,7194,1,0
BRDA:2,7195,0,0
BRDA:2,7195,1,0
BRDA:2,7196,0,0
BRDA:2,7196,1,0
BRDA:2,7197,0,0
BRDA:2,7197,1,0
BRDA:2,7198,0,0
BRDA:2,7198,1,0
BRDA:2,7199,0,0
BRDA:2,7199,1,0
BRDA:2,7200,0,0
BRDA:2,7200,1,0
BRDA:2,7201,0,0
BRDA:2,7201,1,0
BRDA:2,7202,0,0
BRDA:2,7202,1,0
BRDA:2,7203,0,0
BRDA:2,7203,1,0
BRDA:2,7204,0,0
BRDA:2,7204,1,0
BRDA:2,7205,0,0
BRDA:2,7205,1,0
BRDA:2,7206,0,0
BRDA:2,7206,1,0
BRDA:2,7207,0,0
BRDA:2,7207,1,0
BRDA:2,7208,0,0
BRDA:2,7208,1,0
BRDA:2,7209,0,0
BRDA:2,7209,1,0
BRDA:2,7210,0,0
BRDA:2,7210,1,0
BRDA:2,7211,0,0
BRDA:2,7211,1,0
BRDA:2,7212,0,0
BRDA:2,7212,1,0
BRDA:2,7213,0,0
BRDA:2,7213,1,0
BRDA:2,7214,0,0
BRDA:2,7214,1,0
BRDA:2,7215,0,0
BRDA:2,7215,1,0
BRDA:2,7216,0,0
BRDA:2,7216,1,0
BRDA:2,7217,0,0
BRDA:2,7217,1,0
BRDA:2,7218,0,0
BRDA:2,7218,1,0
BRDA:2,7219,0,0
BRDA:2,7219,1,0
BRDA:2,7220,0,0
BRDA:2,7220,1,0
BRDA:2,7221,0,0
BRDA:2,7221,1,0
BRDA:2,7222,0,0
BRDA:2,7222,1,0
BRDA:2,7223,0,0
BRDA:2,7223,1,0
BRDA:2,7224,0,0
BRDA:2,7224,1,0
BRDA:2,7225,0,0
BRDA:2,7225,1,0
BRDA:2,7226,0,0
BRDA:2,7226,1,0
BRDA:2,7227,0,0
BRDA:2,7227,1,0
BRDA:2,7228,0,0
BRDA:2,7228,1,0
BRDA:2,7229,0,0
BRDA:2,7229,1,0
BRDA:2,7230,0,0
BRDA:2,7230,1,0
BRDA:2,7231,0,0
BRDA:2,7231,1,0
BRDA:2,7232,0,0
BRDA:2,7232,1,0
BRDA:2,7233,0,0
BRDA:2,7233,1,0
BRDA:2,7234,0,0
BRDA:2,7234,1,0
BRDA:2,7235,0,0
BRDA:2,7235,1,0
BRDA:2,7236,0,0
BRDA:2,7236,1,0
BRDA:2,7237,0,0
BRDA:2,7237,1,0
BRDA:2,7237,2,0
BRDA:2,7238,0,0
BRDA:2,7238,1,0
BRDA:2,7239,0,0
BRDA:2,7239,1,0
BRDA:2,7240,0,0
BRDA:2,7240,1,0
BRDA:2,7240,2,0
BRDA:2,7241,0,0
BRDA:2,7241,1,0
BRDA:2,7242,0,0
BRDA:2,7242,1,0
BRDA:2,7243,0,0
BRDA:2,7243,1,0
BRDA:2,7243,2,0
BRDA:2,7244,0,0
BRDA:2,7244,1,0
BRDA:2,7245,0,0
BRDA:2,7245,1,0
BRDA:2,7246,0,0
BRDA:2,7246,1,0
BRDA:2,7246,2,0
BRDA:2,7247,0,0
BRDA:2,7247,1,0
BRDA:2,7248,0,0
BRDA:2,7248,1,0
BRDA:2,7249,0,0
BRDA:2,7249,1,0
BRDA:2,7250,0,0
BRDA:2,7250,1,0
BRDA:2,7251,0,0
BRDA:2,7251,1,0
BRDA:2,7252,0,0
BRDA:2,7252,1,0
BRDA:2,7253,0,0
BRDA:2,7253,1,0
BRDA:2,7254,0,0
BRDA:2,7254,1,0
BRDA:2,7255,0,0
BRDA:2,7255,1,0
BRDA:2,7256,0,0
BRDA:2,7256,1,0
BRDA:2,7257,0,0
BRDA:2,7257,1,0
BRDA:2,7258,0,0
BRDA:2,7258,1,0
BRDA:2,7259,0,0
BRDA:2,7259,1,0
BRDA:2,7260,0,0
BRDA:2,7260,1,0
BRDA:2,7261,0,0
BRDA:2,7261,1,0
BRDA:2,7262,0,0
BRDA:2,7262,1,0
BRDA:2,7263,0,0
BRDA:2,7263,1,0
BRDA:2,7264,0,0
BRDA:2,7264,1,0
BRDA:2,7265,0,0
BRDA:2,7265,1,0
BRDA:2,7266,0,0
BRDA:2,7266,1,0
BRDA:2,7267,0,0
BRDA:2,7267,1,0
BRDA:2,7267,2,0
BRDA:2,7267,3,0
BRDA:2,7267,4,0
BRDA:2,7267,5,0
BRDA:2,7267,6,0
BRDA:2,7267,7,0
BRDA:2,7267,8,0
BRDA:2,7268,0,0
BRDA:2,7268,1,0
BRDA:2,7269,0,0
BRDA:2,7269,1,0
BRDA:2,7270,0,0
BRDA:2,7270,1,0
BRDA:2,7271,0,0
BRDA:2,7271,1,0
BRDA:2,7271,2,0
BRDA:2,7272,0,0
BRDA:2,7272,1,0
BRDA:2,7273,0,0
BRDA:2,7273,1,0
BRDA:2,7274,0,0
BRDA:2,7274,1,0
BRDA:2,7274,2,0
BRDA:2,7275,0,0
BRDA:2,7275,1,0
BRDA:2,7276,0,0
BRDA:2,7276,1,0
BRDA:2,7276,2,0
BRDA:2,7277,0,0
BRDA:2,7277,1,0
BRDA:2,7278,0,0
BRDA:2,7278,1,0
BRDA:2,7279,0,0
BRDA:2,7279,1,0
BRDA:2,7280,0,0
BRDA:2,7280,1,0
BRDA:2,7281,0,0
BRDA:2,7281,1,0
BRDA:2,7282,0,0
BRDA:2,7282,1,0
BRDA:2,7283,0,0
BRDA:2,7283,1,0
BRDA:2,7284,0,0
BRDA:2,7284,1,0
BRDA:2,7285,0,0
BRDA:2,7285,1,0
BRDA:2,7286,0,0
BRDA:2,7286,1,0
BRDA:2,7287,0,0
BRDA:2,7287,1,0
BRDA:2,7288,0,0
BRDA:2,7288,1,0
BRDA:2,7289,0,0
BRDA:2,7289,1,0
BRDA:2,7290,0,0
BRDA:2,7290,1,0
BRDA:2,7290,2,0
BRDA:2,7290,3,0
BRDA:2,7290,4,0
BRDA:2,7290,5,0
BRDA:2,7290,6,0
BRDA:2,7290,7,0
BRDA:2,7290,8,0
BRDA:2,7290,9,0
BRDA:2,7290,10,0
BRDA:2,7290,11,0
BRDA:2,7291,0,0
BRDA:2,7291,1,0
BRDA:2,7292,0,0
BRDA:2,7292,1,0
BRDA:2,7293,0,0
BRDA:2,7293,1,0
BRDA:2,7294,0,0
BRDA:2,7294,1,0
BRDA:2,7295,0,0
BRDA:2,7295,1,0
BRDA:2,7296,0,0
BRDA:2,7296,1,0
BRDA:2,7297,0,0
BRDA:2,7297,1,0
BRDA:2,7298,0,0
BRDA:2,7298,1,0
BRDA:2,7299,0,0
BRDA:2,7299,1,0
BRDA:2,7300,0,0
BRDA:2,7300,1,0
BRDA:2,7301,0,0
BRDA:2,7301,1,0
BRDA:2,7302,0,0
BRDA:2,7302,1,0
BRDA:2,7303,0,0
BRDA:2,7303,1,0
BRDA:2,7304,0,0
BRDA:2,7304,1,0
BRDA:2,7305,0,0
BRDA:2,7305,1,0
BRDA:2,7306,0,0
BRDA:2,7306,1,0
BRDA:2,7307,0,0
BRDA:2,7307,1,0
BRDA:2,7308,0,0
BRDA:2,7308,1,0
BRDA:2,7309,0,0
BRDA:2,7309,1,0
BRDA:2,7310,0,0
BRDA:2,7310,1,0
BRDA:2,7311,0,0
BRDA:2,7311,1,0
BRDA:2,7312,0,0
BRDA:2,7312,1,0
BRDA:2,7312,2,0
BRDA:2,7313,0,0
BRDA:2,7313,1,0
BRDA:2,7314,0,0
BRDA:2,7314,1,0
BRDA:2,7315,0,0
BRDA:2,7315,1,0
BRDA:2,7316,0,0
BRDA:2,7316,1,0
BRDA:2,7317,0,0
BRDA:2,7317,1,0
BRDA:2,7318,0,0
BRDA:2,7318,1,0
BRDA:2,7319,0,0
BRDA:2,7319,1,0
BRDA:2,7319,2,0
BRDA:2,7320,0,0
BRDA:2,7320,1,0
BRDA:2,7321,0,0
BRDA:2,7321,1,0
BRDA:2,7322,0,0
BRDA:2,7322,1,0
BRDA:2,7323,0,0
BRDA:2,7323,1,0
BRDA:2,7324,0,0
BRDA:2,7324,1,0
BRDA:2,7325,0,0
BRDA:2,7325,1,0
BRDA:2,7325,2,0
BRDA:2,7325,3,0
BRDA:2,7326,0,0
BRDA:2,7326,1,0
BRDA:2,7327,0,0
BRDA:2,7327,1,0
BRDA:2,7328,0,0
BRDA:2,7328,1,0
BRDA:2,7329,0,0
BRDA:2,7329,1,0
BRDA:2,7329,2,0
BRDA:2,7329,3,0
BRDA:2,7330,0,0
BRDA:2,7330,1,0
BRDA:2,7331,0,0
BRDA:2,7331,1,0
BRDA:2,7332,0,0
BRDA:2,7332,1,0
BRDA:2,7333,0,0
BRDA:2,7333,1,0
BRDA:2,7334,0,0
BRDA:2,7334,1,0
BRDA:2,7335,0,0
BRDA:2,7335,1,0
BRDA:2,7335,2,0
BRDA:2,7336,0,0
BRDA:2,7336,1,0
BRDA:2,7337,0,0
BRDA:2,7337,1,0
BRDA:2,7338,0,0
BRDA:2,7338,1,0
BRDA:2,7339,0,0
BRDA:2,7339,1,0
BRDA:2,7340,0,0
BRDA:2,7340,1,0
BRDA:2,7341,0,0
BRDA:2,7341,1,0
BRDA:2,7341,2,0
BRDA:2,7342,0,0
BRDA:2,7342,1,0
BRDA:2,7343,0,0
BRDA:2,7343,1,0
BRDA:2,7344,0,0
BRDA:2,7344,1,0
BRDA:2,7345,0,0
BRDA:2,7345,1,0
BRDA:2,7346,0,0
BRDA:2,7346,1,0
BRDA:2,7347,0,0
BRDA:2,7347,1,0
BRDA:2,7348,0,0
BRDA:2,7348,1,0
BRDA:2,7348,2,0
BRDA:2,7349,0,0
BRDA:2,7349,1,0
BRDA:2,7350,0,0
BRDA:2,7350,1,0
BRDA:2,7351,0,0
BRDA:2,7351,1,0
BRDA:2,7351,2,0
BRDA:2,7352,0,0
BRDA:2,7352,1,0
BRDA:2,7353,0,0
BRDA:2,7353,1,0
BRDA:2,7354,0,0
BRDA:2,7354,1,0
BRDA:2,7355,0,0
BRDA:2,7355,1,0
BRDA:2,7356,0,0
BRDA:2,7356,1,0
BRDA:2,7357,0,0
BRDA:2,7357,1,0
BRDA:2,7358,0,0
BRDA:2,7358,1,0
BRDA:2,7359,0,0
BRDA:2,7359,1,0
BRDA:2,7360,0,0
BRDA:2,7360,1,0
BRDA:2,7361,0,0
BRDA:2,7361,1,0
BRDA:2,7362,0,0
BRDA:2,7362,1,0
BRDA:2,7363,0,0
BRDA:2,7363,1,0
BRDA:2,7364,0,0
BRDA:2,7364,1,0
BRDA:2,7365,0,0
BRDA:2,7365,1,0
BRDA:2,7366,0,0
BRDA:2,7366,1,0
BRDA:2,7367,0,0
BRDA:2,7367,1,0
BRDA:2,7367,2,0
BRDA:2,7368,0,0
BRDA:2,7368,1,0
BRDA:2,7368,2,0
BRDA:2,7368,3,0
BRDA:2,7368,4,0
BRDA:2,7369,0,0
BRDA:2,7369,1,0
BRDA:2,7370,0,0
BRDA:2,7370,1,0
BRDA:2,7371,0,0
BRDA:2,7371,1,0
BRDA:2,7371,2,0
BRDA:2,7372,0,0
BRDA:2,7372,1,0
BRDA:2,7372,2,0
BRDA:2,7372,3,0
BRDA:2,7372,4,0
BRDA:2,7373,0,0
BRDA:2,7373,1,0
BRDA:2,7374,0,0
BRDA:2,7374,1,0
BRDA:2,7375,0,0
BRDA:2,7375,1,0
BRDA:2,7376,0,0
BRDA:2,7376,1,0
BRDA:2,7376,2,0
BRDA:2,7376,3,0
BRDA:2,7377,0,0
BRDA:2,7377,1,0
BRDA:2,7378,0,0
BRDA:2,7378,1,0
BRDA:2,7379,0,0
BRDA:2,7379,1,0
BRDA:2,7380,0,0
BRDA:2,7380,1,0
BRDA:2,7381,0,0
BRDA:2,7381,1,0
BRDA:2,7381,2,0
BRDA:2,7381,3,0
BRDA:2,7382,0,0
BRDA:2,7382,1,0
BRDA:2,7383,0,0
BRDA:2,7383,1,0
BRDA:2,7384,0,0
BRDA:2,7384,1,0
BRDA:2,7385,0,0
BRDA:2,7385,1,0
BRDA:2,7386,0,0
BRDA:2,7386,1,0
BRDA:2,7386,2,0
BRDA:2,7386,3,0
BRDA:2,7387,0,0
BRDA:2,7387,1,0
BRDA:2,7387,2,0
BRDA:2,7387,3,0
BRDA:2,7388,0,0
BRDA:2,7388,1,0
BRDA:2,7389,0,0
BRDA:2,7389,1,0
BRDA:2,7390,0,0
BRDA:2,7390,1,0
BRDA:2,7391,0,0
BRDA:2,7391,1,0
BRDA:2,7392,0,0
BRDA:2,7392,1,0
BRDA:2,7393,0,0
BRDA:2,7393,1,0
BRDA:2,7393,2,0
BRDA:2,7394,0,0
BRDA:2,7394,1,0
BRDA:2,7395,0,0
BRDA:2,7395,1,0
BRDA:2,7396,0,0
BRDA:2,7396,1,0
BRDA:2,7397,0,0
BRDA:2,7397,1,0
BRDA:2,7398,0,0
BRDA:2,7398,1,0
BRDA:2,7398,2,0
BRDA:2,7399,0,0
BRDA:2,7399,1,0
BRDA:2,7400,0,0
BRDA:2,7400,1,0
BRDA:2,7401,0,0
BRDA:2,7401,1,0
BRDA:2,7402,0,0
BRDA:2,7402,1,0
BRDA:2,7403,0,0
BRDA:2,7403,1,0
BRDA:2,7404,0,0
BRDA:2,7404,1,0
BRDA:2,7405,0,0
BRDA:2,7405,1,0
BRDA:2,7406,0,0
BRDA:2,7406,1,0
BRDA:2,7407,0,0
BRDA:2,7407,1,0
BRDA:2,7408,0,0
BRDA:2,7408,1,0
BRDA:2,7408,2,0
BRDA:2,7409,0,0
BRDA:2,7409,1,0
BRDA:2,7410,0,0
BRDA:2,7410,1,0
BRDA:2,7411,0,0
BRDA:2,7411,1,0
BRDA:2,7411,2,0
BRDA:2,7412,0,0
BRDA:2,7412,1,0
BRDA:2,7413,0,0
BRDA:2,7413,1,0
BRDA:2,7414,0,0
BRDA:2,7414,1,0
BRDA:2,7414,2,0
BRDA:2,7415,0,0
BRDA:2,7415,1,0
BRDA:2,7416,0,0
BRDA:2,7416,1,0
BRDA:2,7417,0,0
BRDA:2,7417,1,0
BRDA:2,7417,2,0
BRDA:2,7418,0,0
BRDA:2,7418,1,0
BRDA:2,7419,0,0
BRDA:2,7419,1,0
BRDA:2,7420,0,0
BRDA:2,7420,1,0
BRDA:2,7421,0,0
BRDA:2,7421,1,0
BRDA:2,7422,0,0
BRDA:2,7422,1,0
BRDA:2,7423,0,0
BRDA:2,7423,1,0
BRDA:2,7424,0,0
BRDA:2,7424,1,0
BRDA:2,7425,0,0
BRDA:2,7425,1,0
BRDA:2,7426,0,0
BRDA:2,7426,1,0
BRDA:2,7427,0,0
BRDA:2,7427,1,0
BRDA:2,7428,0,0
BRDA:2,7428,1,0
BRDA:2,7429,0,0
BRDA:2,7429,1,0
BRDA:2,7430,0,0
BRDA:2,7430,1,0
BRDA:2,7431,0,0
BRDA:2,7431,1,0
BRDA:2,7431,2,0
BRDA:2,7431,3,0
BRDA:2,7432,0,0
BRDA:2,7432,1,0
BRDA:2,7433,0,0
BRDA:2,7433,1,0
BRDA:2,7434,0,0
BRDA:2,7434,1,0
BRDA:2,7435,0,0
BRDA:2,7435,1,0
BRDA:2,7435,2,0
BRDA:2,7435,3,0
BRDA:2,7436,0,0
BRDA:2,7436,1,0
BRDA:2,7437,0,0
BRDA:2,7437,1,0
BRDA:2,7438,0,0
BRDA:2,7438,1,0
BRDA:2,7439,0,0
BRDA:2,7439,1,0
BRDA:2,7440,0,0
BRDA:2,7440,1,0
BRDA:2,7441,0,0
BRDA:2,7441,1,0
BRDA:2,7441,2,0
BRDA:2,7442,0,0
BRDA:2,7442,1,0
BRDA:2,7443,0,0
BRDA:2,7443,1,0
BRDA:2,7444,0,0
BRDA:2,7444,1,0
BRDA:2,7445,0,0
BRDA:2,7445,1,0
BRDA:2,7446,0,0
BRDA:2,7446,1,0
BRDA:2,7447,0,0
BRDA:2,7447,1,0
BRDA:2,7447,2,0
BRDA:2,7448,0,0
BRDA:2,7448,1,0
BRDA:2,7449,0,0
BRDA:2,7449,1,0
BRDA:2,7450,0,0
BRDA:2,7450,1,0
BRDA:2,7451,0,0
BRDA:2,7451,1,0
BRDA:2,7452,0,0
BRDA:2,7452,1,0
BRDA:2,7453,0,0
BRDA:2,7453,1,0
BRDA:2,7454,0,0
BRDA:2,7454,1,0
BRDA:2,7455,0,0
BRDA:2,7455,1,0
BRDA:2,7456,0,0
BRDA:2,7456,1,0
BRDA:2,7457,0,0
BRDA:2,7457,1,0
BRDA:2,7458,0,0
BRDA:2,7458,1,0
BRDA:2,7459,0,0
BRDA:2,7459,1,0
BRDA:2,7460,0,0
BRDA:2,7460,1,0
BRDA:2,7461,0,0
BRDA:2,7461,1,0
BRDA:2,7462,0,0
BRDA:2,7462,1,0
BRDA:2,7463,0,0
BRDA:2,7463,1,0
BRDA:2,7464,0,0
BRDA:2,7464,1,0
BRDA:2,7465,0,0
BRDA:2,7465,1,0
BRDA:2,7465,2,0
BRDA:2,7466,0,0
BRDA:2,7466,1,0
BRDA:2,7466,2,0
BRDA:2,7467,0,0
BRDA:2,7467,1,0
BRDA:2,7468,0,0
BRDA:2,7468,1,0
BRDA:2,7468,2,0
BRDA:2,7469,0,0
BRDA:2,7469,1,0
BRDA:2,7469,2,0
BRDA:2,7470,0,0
BRDA:2,7470,1,0
BRDA:2,7471,0,0
BRDA:2,7471,1,0
BRDA:2,7471,2,0
BRDA:2,7471,3,0
BRDA:2,7471,4,0
BRDA:2,7471,5,0
BRDA:2,7472,0,0
BRDA:2,7472,1,0
BRDA:2,7473,0,0
BRDA:2,7473,1,0
BRDA:2,7474,0,0
BRDA:2,7474,1,0
BRDA:2,7474,2,0
BRDA:2,7475,0,0
BRDA:2,7475,1,0
BRDA:2,7476,0,0
BRDA:2,7476,1,0
BRDA:2,7476,2,0
BRDA:2,7477,0,0
BRDA:2,7477,1,0
BRDA:2,7478,0,0
BRDA:2,7478,1,0
BRDA:2,7479,0,0
BRDA:2,7479,1,0
BRDA:2,7480,0,0
BRDA:2,7480,1,0
BRDA:2,7481,0,0
BRDA:2,7481,1,0
BRDA:2,7482,0,0
BRDA:2,7482,1,0
BRDA:2,7483,0,0
BRDA:2,7483,1,0
BRDA:2,7484,0,0
BRDA:2,7484,1,0
BRDA:2,7485,0,0
BRDA:2,7485,1,0
BRDA:2,7486,0,0
BRDA:2,7486,1,0
BRDA:2,7487,0,0
BRDA:2,7487,1,0
BRDA:2,7488,0,0
BRDA:2,7488,1,0
BRDA:2,7489,0,0
BRDA:2,7489,1,0
BRDA:2,7490,0,0
BRDA:2,7490,1,0
BRDA:2,7491,0,0
BRDA:2,7491,1,0
BRDA:2,7491,2,0
BRDA:2,7492,0,0
BRDA:2,7492,1,0
BRDA:2,7493,0,0
BRDA:2,7493,1,0
BRDA:2,7494,0,0
BRDA:2,7494,1,0
BRDA:2,7495,0,0
BRDA:2,7495,1,0
BRDA:2,7495,2,0
BRDA:2,7496,0,0
BRDA:2,7496,1,0
BRF:16451
BRH:0
end_of_record
TN:
SF:client\dist\projects.bundle.js
FN:1,(anonymous_0)
FN:1,(anonymous_1)
FNF:2
FNH:0
FNDA:0,(anonymous_0)
FNDA:0,(anonymous_1)
DA:1,0
LF:1
LH:0
BRF:0
BRH:0
end_of_record
TN:
SF:client\dist\theme-control.js
FNF:0
FNH:0
DA:1,0
DA:2,0
DA:4,0
DA:5,0
DA:6,0
DA:7,0
DA:8,0
DA:10,0
DA:11,0
LF:9
LH:0
BRDA:4,0,0,0
BRDA:4,0,1,0
BRDA:7,1,0,0
BRDA:7,1,1,0
BRF:4
BRH:0
end_of_record
TN:
SF:client\src\about.js
FN:2,(anonymous_0)
FNF:1
FNH:0
FNDA:0,(anonymous_0)
DA:2,0
DA:3,0
DA:5,0
DA:6,0
DA:7,0
DA:8,0
DA:9,0
DA:14,0
DA:15,0
DA:16,0
DA:17,0
LF:11
LH:0
BRF:0
BRH:0
end_of_record
TN:
SF:client\src\app.js
FN:6,(anonymous_0)
FN:10,(anonymous_1)
FNF:2
FNH:0
FNDA:0,(anonymous_0)
FNDA:0,(anonymous_1)
DA:6,0
DA:7,0
DA:10,0
DA:12,0
DA:13,0
DA:14,0
DA:17,0
DA:18,0
DA:19,0
DA:20,0
LF:10
LH:0
BRF:0
BRH:0
end_of_record
TN:
SF:client\src\contact.js
FN:3,(anonymous_0)
FNF:1
FNH:0
FNDA:0,(anonymous_0)
DA:3,0
DA:4,0
DA:6,0
DA:7,0
DA:8,0
DA:9,0
DA:10,0
DA:11,0
DA:16,0
DA:21,0
DA:26,0
DA:31,0
DA:36,0
LF:13
LH:0
BRF:0
BRH:0
end_of_record
TN:
SF:client\src\homepage.js
FN:3,(anonymous_0)
FNF:1
FNH:0
FNDA:0,(anonymous_0)
DA:3,0
DA:5,0
LF:2
LH:0
BRF:0
BRH:0
end_of_record
TN:
SF:client\src\projects.js
FN:4,(anonymous_0)
FNF:1
FNH:0
FNDA:0,(anonymous_0)
DA:4,0
DA:5,0
DA:6,0
DA:7,0
DA:8,0
DA:9,0
DA:10,0
DA:11,0
DA:12,0
DA:14,0
DA:15,0
DA:16,0
DA:17,0
DA:18,0
DA:23,0
DA:24,0
DA:25,0
DA:30,0
DA:31,0
DA:37,0
DA:43,0
DA:48,0
DA:49,0
DA:55,0
DA:80,0
DA:104,0
DA:128,0
DA:154,0
DA:179,0
DA:203,0
DA:227,0
DA:255,0
DA:280,0
DA:304,0
DA:329,0
DA:356,0
DA:381,0
DA:405,0
DA:430,0
LF:39
LH:0
BRF:0
BRH:0
end_of_record
TN:
SF:client\src\theme-control.js
FN:2,applyTheme
FN:12,loadThemeFromLocalStorage
FNF:2
FNH:1
FNDA:3,applyTheme
FNDA:0,loadThemeFromLocalStorage
DA:3,3
DA:4,1
DA:5,2
DA:6,1
DA:8,1
DA:13,0
DA:14,0
LF:7
LH:5
BRDA:3,0,0,1
BRDA:3,0,1,2
BRDA:5,1,0,1
BRDA:5,1,1,1
BRF:4
BRH:4
end_of_record
TN:
SF:client\src\js\animations.js
FN:4,(anonymous_0)
FN:9,(anonymous_1)
FN:16,(anonymous_2)
FN:17,(anonymous_3)
FNF:4
FNH:0
FNDA:0,(anonymous_0)
FNDA:0,(anonymous_1)
FNDA:0,(anonymous_2)
FNDA:0,(anonymous_3)
DA:4,0
DA:5,0
DA:6,0
DA:7,0
DA:9,0
DA:10,0
DA:11,0
DA:12,0
DA:16,0
DA:17,0
DA:18,0
LF:11
LH:0
BRF:0
BRH:0
end_of_record
TN:
SF:client\src\js\gsap.js
FN:4,(anonymous_0)
FN:15,animationScale
FN:22,(anonymous_2)
FN:31,(anonymous_3)
FNF:4
FNH:1
FNDA:0,(anonymous_0)
FNDA:2,animationScale
FNDA:0,(anonymous_2)
FNDA:0,(anonymous_3)
DA:4,1
DA:5,0
DA:6,0
DA:7,0
DA:8,0
DA:9,0
DA:10,0
DA:11,0
DA:12,0
DA:16,2
DA:18,2
DA:19,2
DA:22,0
DA:23,0
DA:31,0
DA:32,0
LF:16
LH:4
BRDA:15,0,0,1
BRDA:18,1,0,2
BRDA:18,1,1,0
BRF:3
BRH:2
end_of_record
TN:
SF:client\src\js\mobileNavigation.js
FN:6,(anonymous_0)
FN:7,(anonymous_1)
FN:14,(anonymous_2)
FNF:3
FNH:0
FNDA:0,(anonymous_0)
FNDA:0,(anonymous_1)
FNDA:0,(anonymous_2)
DA:1,0
DA:2,0
DA:3,0
DA:4,0
DA:6,0
DA:7,0
DA:8,0
DA:9,0
DA:10,0
DA:11,0
DA:14,0
DA:15,0
DA:16,0
DA:17,0
DA:18,0
LF:15
LH:0
BRF:0
BRH:0
end_of_record
TN:
SF:client\src\js\p5.js
FN:1,createSketch
FN:2,(anonymous_1)
FN:4,(anonymous_2)
FN:9,(anonymous_3)
FNF:4
FNH:0
FNDA:0,createSketch
FNDA:0,(anonymous_1)
FNDA:0,(anonymous_2)
FNDA:0,(anonymous_3)
DA:2,0
DA:4,0
DA:5,0
DA:9,0
DA:10,0
DA:11,0
DA:12,0
DA:15,0
DA:22,0
DA:23,0
DA:24,0
DA:25,0
DA:27,0
DA:31,0
DA:33,0
DA:34,0
DA:36,0
DA:37,0
DA:38,0
DA:40,0
DA:41,0
DA:42,0
DA:44,0
DA:45,0
DA:47,0
DA:48,0
DA:49,0
DA:51,0
DA:52,0
DA:55,0
DA:56,0
LF:31
LH:0
BRDA:24,0,0,0
BRDA:24,0,1,0
BRDA:31,1,0,0
BRDA:31,1,1,0
BRDA:34,2,0,0
BRDA:34,2,1,0
BRDA:38,3,0,0
BRDA:38,3,1,0
BRDA:42,4,0,0
BRDA:42,4,1,0
BRDA:45,5,0,0
BRDA:45,5,1,0
BRDA:49,6,0,0
BRDA:49,6,1,0
BRF:14
BRH:0
end_of_record
